Removed Member From Class: ClassName=U_BMA180 Member=C16
Removed Member From Class: ClassName=Fingerboard Member=Power
Removed Member From Class: ClassName=Fingerboard Member=TWI
Added Component: Designator=Accel(BMA180 - ECESHOP)
Added Component: Designator=INT(HDR1X3)
Added Pin To Net: NetName=3.3VCC Pin=Accel-2
Added Pin To Net: NetName=GND Pin=Accel-3
Added Pin To Net: NetName=NetAccel_4 Pin=Accel-4
Added Pin To Net: NetName=3.3VCC Pin=Accel-5
Added Pin To Net: NetName=TWI0 Pin=Accel-7
Added Pin To Net: NetName=GND Pin=Accel-8
Added Pin To Net: NetName=TWI1 Pin=Accel-9
Added Pin To Net: NetName=3.3VCC Pin=Accel-10
Added Pin To Net: NetName=NetGyro_12 Pin=INT-1
Added Pin To Net: NetName=NetAccel_4 Pin=INT-2
Added Pin To Net: NetName=NetINT_3 Pin=INT-3
Change Class Name : Old Net Name=Fingerboard New Net Name=U_BMA180
Change Class Name : Old Net Name=U_BMA180 New Net Name=Fingerboard
Added Member To Class: ClassName=U_BMA180 Member=Component Accel BMA180
Added Member To Class: ClassName=U_BMA180 Member=Component C16 Cap Semi
Added Member To Class: ClassName=U_IMU3000 Member=Component Gyro IMU3000
Added Member To Class: ClassName=Fingerboard Member=Component INT
Added Member To Class: ClassName=Fingerboard Member=Component Power Header 2
Added Member To Class: ClassName=Fingerboard Member=Component TWI
Added Room: Name=Fingerboard
Added Room: Name=U_BMA180
Added Room: Name=U_HMC5883L
Added Room: Name=U_IMU3000
