Change Component Footprint: Designator=D1 Old Footprint=3.2X1.6X1.1 New Footprint=RESC3216N
Change Component Footprint: Designator=Y1 Old Footprint=R38 New Footprint=HC-49U - Through Hole
Change Component Footprint: Designator=SCL MUX/DEMUX Old Footprint=SOIC16_M New Footprint=SOIC127P600-16N
Change Component Footprint: Designator=SDA MUX/DEMUX Old Footprint=SOIC16_M New Footprint=SOIC127P600-16N
Change Component Footprint: Designator=3.3V Power Source Old Footprint=SOIC127P600-8BL New Footprint=SOIC127P600-8BN
Added Component: Designator=FB_Power(HDR2X5)
Added Component: Designator=P1(HDR2X8)
Added Component: Designator=P2(HDR2X8)
Added Component: Designator=P3(HDR2X8)
Added Component: Designator=P4(HDR2X8)
Added Component: Designator=P9(HDR1X2)
Added Component: Designator=P10(HDR1X2)
Added Pin To Net: NetName=3.3VCC Pin=2.4G-2
Added Pin To Net: NetName=3.3VCC Pin=3.3V Power Source-5
Added Pin To Net: NetName=3.3VCC Pin=3.3V Power Source-6
Added Pin To Net: NetName=3.3VCC Pin=3.3V Power Source-7
Added Pin To Net: NetName=3.3VCC Pin=C1-1
Added Pin To Net: NetName=3.3VCC Pin=C3-2
Added Pin To Net: NetName=3.3VCC Pin=C4-2
Added Pin To Net: NetName=3.3VCC Pin=C5-2
Added Pin To Net: NetName=3.3VCC Pin=C6-2
Added Pin To Net: NetName=3.3VCC Pin=FB_Power-2
Added Pin To Net: NetName=3.3VCC Pin=FB_Power-4
Added Pin To Net: NetName=3.3VCC Pin=FB_Power-6
Added Pin To Net: NetName=3.3VCC Pin=FB_Power-8
Added Pin To Net: NetName=3.3VCC Pin=FB_Power-10
Added Pin To Net: NetName=3.3VCC Pin=JTAG-4
Added Pin To Net: NetName=3.3VCC Pin=P10-1
Added Pin To Net: NetName=3.3VCC Pin=R1-1
Added Pin To Net: NetName=3.3VCC Pin=R2-1
Added Pin To Net: NetName=3.3VCC Pin=R3-1
Added Pin To Net: NetName=3.3VCC Pin=R4-1
Added Pin To Net: NetName=3.3VCC Pin=R5-1
Added Pin To Net: NetName=3.3VCC Pin=R6-1
Added Pin To Net: NetName=3.3VCC Pin=R7-1
Added Pin To Net: NetName=3.3VCC Pin=R8-1
Added Pin To Net: NetName=3.3VCC Pin=R9-1
Added Pin To Net: NetName=3.3VCC Pin=R10-1
Added Pin To Net: NetName=3.3VCC Pin=R11-1
Added Pin To Net: NetName=3.3VCC Pin=R12-1
Added Pin To Net: NetName=3.3VCC Pin=R13-1
Added Pin To Net: NetName=3.3VCC Pin=R14-2
Added Pin To Net: NetName=3.3VCC Pin=R15-2
Added Pin To Net: NetName=3.3VCC Pin=R18-2
Added Pin To Net: NetName=3.3VCC Pin=R19-1
Added Pin To Net: NetName=3.3VCC Pin=R20-1
Added Pin To Net: NetName=3.3VCC Pin=R21-1
Added Pin To Net: NetName=3.3VCC Pin=R22-1
Added Pin To Net: NetName=3.3VCC Pin=SCL MUX/DEMUX-16
Added Pin To Net: NetName=3.3VCC Pin=SDA MUX/DEMUX-16
Added Pin To Net: NetName=3.3VCC Pin=U1-18
Added Pin To Net: NetName=3.3VCC Pin=U1-19
Added Pin To Net: NetName=3.3VCC Pin=U1-21
Added Pin To Net: NetName=3.3VCC Pin=U1-32
Added Pin To Net: NetName=3.3VCC Pin=U1-48
Added Pin To Net: NetName=3.3VCC Pin=U1-64
Added Net: Name=3.3VCC
Added Pin To Net: NetName=BUS_SEL0 Pin=P1-11
Added Pin To Net: NetName=BUS_SEL0 Pin=SCL MUX/DEMUX-11
Added Pin To Net: NetName=BUS_SEL0 Pin=SDA MUX/DEMUX-11
Added Pin To Net: NetName=BUS_SEL0 Pin=U1-11
Added Net: Name=BUS_SEL0
Added Pin To Net: NetName=BUS_SEL1 Pin=P1-12
Added Pin To Net: NetName=BUS_SEL1 Pin=SCL MUX/DEMUX-10
Added Pin To Net: NetName=BUS_SEL1 Pin=SDA MUX/DEMUX-10
Added Pin To Net: NetName=BUS_SEL1 Pin=U1-12
Added Net: Name=BUS_SEL1
Added Pin To Net: NetName=BUS_SEL2 Pin=P1-13
Added Pin To Net: NetName=BUS_SEL2 Pin=SCL MUX/DEMUX-9
Added Pin To Net: NetName=BUS_SEL2 Pin=SDA MUX/DEMUX-9
Added Pin To Net: NetName=BUS_SEL2 Pin=U1-13
Added Net: Name=BUS_SEL2
Added Pin To Net: NetName=GND Pin=2.4G-1
Added Pin To Net: NetName=GND Pin=3.3V Power Source-1
Added Pin To Net: NetName=GND Pin=3.3V Power Source-2
Added Pin To Net: NetName=GND Pin=Battery-1
Added Pin To Net: NetName=GND Pin=C1-2
Added Pin To Net: NetName=GND Pin=C2-1
Added Pin To Net: NetName=GND Pin=C3-1
Added Pin To Net: NetName=GND Pin=C4-1
Added Pin To Net: NetName=GND Pin=C5-1
Added Pin To Net: NetName=GND Pin=C6-1
Added Pin To Net: NetName=GND Pin=C7-1
Added Pin To Net: NetName=GND Pin=C8-1
Added Pin To Net: NetName=GND Pin=C9-1
Added Pin To Net: NetName=GND Pin=C10-1
Added Pin To Net: NetName=GND Pin=C11-1
Added Pin To Net: NetName=GND Pin=C12-1
Added Pin To Net: NetName=GND Pin=C13-2
Added Pin To Net: NetName=GND Pin=C14-2
Added Pin To Net: NetName=GND Pin=C15-2
Added Pin To Net: NetName=GND Pin=D1-2
Added Pin To Net: NetName=GND Pin=FB_Power-1
Added Pin To Net: NetName=GND Pin=FB_Power-3
Added Pin To Net: NetName=GND Pin=FB_Power-5
Added Pin To Net: NetName=GND Pin=FB_Power-7
Added Pin To Net: NetName=GND Pin=FB_Power-9
Added Pin To Net: NetName=GND Pin=JTAG-2
Added Pin To Net: NetName=GND Pin=Mini-USB-5
Added Pin To Net: NetName=GND Pin=P10-2
Added Pin To Net: NetName=GND Pin=RESET-2
Added Pin To Net: NetName=GND Pin=SCL MUX/DEMUX-2
Added Pin To Net: NetName=GND Pin=SCL MUX/DEMUX-4
Added Pin To Net: NetName=GND Pin=SCL MUX/DEMUX-7
Added Pin To Net: NetName=GND Pin=SCL MUX/DEMUX-8
Added Pin To Net: NetName=GND Pin=SDA MUX/DEMUX-2
Added Pin To Net: NetName=GND Pin=SDA MUX/DEMUX-4
Added Pin To Net: NetName=GND Pin=SDA MUX/DEMUX-7
Added Pin To Net: NetName=GND Pin=SDA MUX/DEMUX-8
Added Pin To Net: NetName=GND Pin=U1-1
Added Pin To Net: NetName=GND Pin=U1-17
Added Pin To Net: NetName=GND Pin=U1-23
Added Pin To Net: NetName=GND Pin=U1-49
Added Net: Name=GND
Added Pin To Net: NetName=IRQ Pin=2.4G-8
Added Net: Name=IRQ
Added Pin To Net: NetName=JTAG_TCK Pin=JTAG-1
Added Pin To Net: NetName=JTAG_TCK Pin=R22-2
Added Pin To Net: NetName=JTAG_TCK Pin=U1-2
Added Net: Name=JTAG_TCK
Added Pin To Net: NetName=NetC7_2 Pin=C7-2
Added Pin To Net: NetName=NetC7_2 Pin=C8-2
Added Pin To Net: NetName=NetC7_2 Pin=U1-8
Added Pin To Net: NetName=NetC7_2 Pin=U1-20
Added Pin To Net: NetName=NetC7_2 Pin=U1-22
Added Pin To Net: NetName=NetC7_2 Pin=U1-53
Added Pin To Net: NetName=NetC7_2 Pin=U1-56
Added Net: Name=NetC7_2
Added Pin To Net: NetName=NetC13_1 Pin=C13-1
Added Pin To Net: NetName=NetC13_1 Pin=Ferrite-1
Added Pin To Net: NetName=NetC13_1 Pin=Mini-USB-1
Added Net: Name=NetC13_1
Added Pin To Net: NetName=NetD1_1 Pin=D1-1
Added Pin To Net: NetName=NetD1_1 Pin=R1-2
Added Net: Name=NetD1_1
Added Pin To Net: NetName=NetR16_2 Pin=R16-2
Added Pin To Net: NetName=NetR16_2 Pin=U1-50
Added Net: Name=NetR16_2
Added Pin To Net: NetName=NetR17_2 Pin=R17-2
Added Pin To Net: NetName=NetR17_2 Pin=U1-51
Added Net: Name=NetR17_2
Added Pin To Net: NetName=PA0 Pin=JTAG-6
Added Pin To Net: NetName=PA0 Pin=P1-3
Added Pin To Net: NetName=PA0 Pin=R19-2
Added Pin To Net: NetName=PA0 Pin=U1-3
Added Net: Name=PA0
Added Pin To Net: NetName=PA1 Pin=JTAG-3
Added Pin To Net: NetName=PA1 Pin=P1-4
Added Pin To Net: NetName=PA1 Pin=R21-2
Added Pin To Net: NetName=PA1 Pin=U1-4
Added Net: Name=PA1
Added Pin To Net: NetName=PA2 Pin=JTAG-5
Added Pin To Net: NetName=PA2 Pin=P1-5
Added Pin To Net: NetName=PA2 Pin=R20-2
Added Pin To Net: NetName=PA2 Pin=U1-5
Added Net: Name=PA2
Added Pin To Net: NetName=PA3 Pin=Mini-USB-4
Added Pin To Net: NetName=PA3 Pin=P1-9
Added Pin To Net: NetName=PA3 Pin=U1-9
Added Net: Name=PA3
Added Pin To Net: NetName=PA4 Pin=P1-10
Added Pin To Net: NetName=PA4 Pin=SCL MUX/DEMUX-6
Added Pin To Net: NetName=PA4 Pin=SDA MUX/DEMUX-6
Added Pin To Net: NetName=PA4 Pin=U1-10
Added Net: Name=PA4
Added Pin To Net: NetName=PA8 Pin=P1-14
Added Pin To Net: NetName=PA8 Pin=P5-3
Added Pin To Net: NetName=PA8 Pin=U1-14
Added Net: Name=PA8
Added Pin To Net: NetName=PA9 Pin=P2-12
Added Pin To Net: NetName=PA9 Pin=R14-1
Added Pin To Net: NetName=PA9 Pin=SCL MUX/DEMUX-3
Added Pin To Net: NetName=PA9 Pin=U1-28
Added Net: Name=PA9
Added Pin To Net: NetName=PA10 Pin=P2-13
Added Pin To Net: NetName=PA10 Pin=R15-1
Added Pin To Net: NetName=PA10 Pin=SDA MUX/DEMUX-3
Added Pin To Net: NetName=PA10 Pin=U1-29
Added Net: Name=PA10
Added Pin To Net: NetName=PA11 Pin=C11-2
Added Pin To Net: NetName=PA11 Pin=P2-14
Added Pin To Net: NetName=PA11 Pin=U1-30
Added Pin To Net: NetName=PA11 Pin=Y2-2
Added Net: Name=PA11
Added Pin To Net: NetName=PA12 Pin=C12-2
Added Pin To Net: NetName=PA12 Pin=P2-15
Added Pin To Net: NetName=PA12 Pin=U1-31
Added Pin To Net: NetName=PA12 Pin=Y2-1
Added Net: Name=PA12
Added Pin To Net: NetName=PA13 Pin=P3-1
Added Pin To Net: NetName=PA13 Pin=P7-1
Added Pin To Net: NetName=PA13 Pin=U1-33
Added Net: Name=PA13
Added Pin To Net: NetName=PA14 Pin=2.4G-6
Added Pin To Net: NetName=PA14 Pin=P3-2
Added Pin To Net: NetName=PA14 Pin=U1-34
Added Net: Name=PA14
Added Pin To Net: NetName=PA15 Pin=2.4G-5
Added Pin To Net: NetName=PA15 Pin=P3-3
Added Pin To Net: NetName=PA15 Pin=U1-35
Added Net: Name=PA15
Added Pin To Net: NetName=PA16 Pin=2.4G-4
Added Pin To Net: NetName=PA16 Pin=P3-4
Added Pin To Net: NetName=PA16 Pin=U1-36
Added Net: Name=PA16
Added Pin To Net: NetName=PA17 Pin=P3-5
Added Pin To Net: NetName=PA17 Pin=P7-2
Added Pin To Net: NetName=PA17 Pin=U1-37
Added Net: Name=PA17
Added Pin To Net: NetName=PA18 Pin=C9-2
Added Pin To Net: NetName=PA18 Pin=P3-7
Added Pin To Net: NetName=PA18 Pin=U1-39
Added Pin To Net: NetName=PA18 Pin=Y1-2
Added Net: Name=PA18
Added Pin To Net: NetName=PA19 Pin=C10-2
Added Pin To Net: NetName=PA19 Pin=P3-8
Added Pin To Net: NetName=PA19 Pin=U1-40
Added Pin To Net: NetName=PA19 Pin=Y1-1
Added Net: Name=PA19
Added Pin To Net: NetName=PA20 Pin=P3-12
Added Pin To Net: NetName=PA20 Pin=U1-44
Added Pin To Net: NetName=PA20 Pin=UART-2
Added Net: Name=PA20
Added Pin To Net: NetName=PA21 Pin=P3-13
Added Pin To Net: NetName=PA21 Pin=U1-45
Added Pin To Net: NetName=PA21 Pin=UART-1
Added Net: Name=PA21
Added Pin To Net: NetName=PA22 Pin=P3-14
Added Pin To Net: NetName=PA22 Pin=P7-5
Added Pin To Net: NetName=PA22 Pin=U1-46
Added Net: Name=PA22
Added Pin To Net: NetName=PA23 Pin=P3-15
Added Pin To Net: NetName=PA23 Pin=P7-6
Added Pin To Net: NetName=PA23 Pin=U1-47
Added Net: Name=PA23
Added Pin To Net: NetName=PA24 Pin=P4-11
Added Pin To Net: NetName=PA24 Pin=P8-5
Added Pin To Net: NetName=PA24 Pin=U1-59
Added Net: Name=PA24
Added Pin To Net: NetName=PA25 Pin=P4-12
Added Pin To Net: NetName=PA25 Pin=P8-6
Added Pin To Net: NetName=PA25 Pin=U1-60
Added Net: Name=PA25
Added Pin To Net: NetName=PA26 Pin=P4-13
Added Pin To Net: NetName=PA26 Pin=P8-7
Added Pin To Net: NetName=PA26 Pin=U1-61
Added Net: Name=PA26
Added Pin To Net: NetName=PA27 Pin=P4-14
Added Pin To Net: NetName=PA27 Pin=P8-8
Added Pin To Net: NetName=PA27 Pin=U1-62
Added Net: Name=PA27
Added Pin To Net: NetName=PA28 Pin=2.4G-7
Added Pin To Net: NetName=PA28 Pin=P3-9
Added Pin To Net: NetName=PA28 Pin=U1-41
Added Net: Name=PA28
Added Pin To Net: NetName=PA29 Pin=P3-10
Added Pin To Net: NetName=PA29 Pin=P7-3
Added Pin To Net: NetName=PA29 Pin=U1-42
Added Net: Name=PA29
Added Pin To Net: NetName=PA30 Pin=P1-15
Added Pin To Net: NetName=PA30 Pin=P5-4
Added Pin To Net: NetName=PA30 Pin=U1-15
Added Net: Name=PA30
Added Pin To Net: NetName=PA31 Pin=P1-16
Added Pin To Net: NetName=PA31 Pin=P5-5
Added Pin To Net: NetName=PA31 Pin=U1-16
Added Net: Name=PA31
Added Pin To Net: NetName=PB0 Pin=P1-6
Added Pin To Net: NetName=PB0 Pin=P5-1
Added Pin To Net: NetName=PB0 Pin=U1-6
Added Net: Name=PB0
Added Pin To Net: NetName=PB1 Pin=P1-7
Added Pin To Net: NetName=PB1 Pin=P5-2
Added Pin To Net: NetName=PB1 Pin=U1-7
Added Net: Name=PB1
Added Pin To Net: NetName=PB2 Pin=P2-8
Added Pin To Net: NetName=PB2 Pin=P6-1
Added Pin To Net: NetName=PB2 Pin=U1-24
Added Net: Name=PB2
Added Pin To Net: NetName=PB3 Pin=P2-9
Added Pin To Net: NetName=PB3 Pin=P6-2
Added Pin To Net: NetName=PB3 Pin=U1-25
Added Net: Name=PB3
Added Pin To Net: NetName=PB4 Pin=P2-10
Added Pin To Net: NetName=PB4 Pin=P6-3
Added Pin To Net: NetName=PB4 Pin=U1-26
Added Net: Name=PB4
Added Pin To Net: NetName=PB5 Pin=P2-11
Added Pin To Net: NetName=PB5 Pin=P6-4
Added Pin To Net: NetName=PB5 Pin=U1-27
Added Net: Name=PB5
Added Pin To Net: NetName=PB6 Pin=2.4G-3
Added Pin To Net: NetName=PB6 Pin=P3-6
Added Pin To Net: NetName=PB6 Pin=U1-38
Added Net: Name=PB6
Added Pin To Net: NetName=PB7 Pin=P3-11
Added Pin To Net: NetName=PB7 Pin=P7-4
Added Pin To Net: NetName=PB7 Pin=U1-43
Added Net: Name=PB7
Added Pin To Net: NetName=PB8 Pin=P4-6
Added Pin To Net: NetName=PB8 Pin=P8-1
Added Pin To Net: NetName=PB8 Pin=U1-54
Added Net: Name=PB8
Added Pin To Net: NetName=PB9 Pin=P4-7
Added Pin To Net: NetName=PB9 Pin=P8-2
Added Pin To Net: NetName=PB9 Pin=U1-55
Added Net: Name=PB9
Added Pin To Net: NetName=PB10 Pin=P4-9
Added Pin To Net: NetName=PB10 Pin=P8-3
Added Pin To Net: NetName=PB10 Pin=U1-57
Added Net: Name=PB10
Added Pin To Net: NetName=PB11 Pin=P4-10
Added Pin To Net: NetName=PB11 Pin=P8-4
Added Pin To Net: NetName=PB11 Pin=U1-58
Added Net: Name=PB11
Added Pin To Net: NetName=RESET_N Pin=3.3V Power Source-8
Added Pin To Net: NetName=RESET_N Pin=R18-1
Added Pin To Net: NetName=RESET_N Pin=RESET-1
Added Pin To Net: NetName=RESET_N Pin=U1-63
Added Net: Name=RESET_N
Added Pin To Net: NetName=TWI0_0 Pin=FB_TWIs-1
Added Pin To Net: NetName=TWI0_0 Pin=R3-2
Added Pin To Net: NetName=TWI0_0 Pin=SCL MUX/DEMUX-13
Added Net: Name=TWI0_0
Added Pin To Net: NetName=TWI0_1 Pin=FB_TWIs-2
Added Pin To Net: NetName=TWI0_1 Pin=R4-2
Added Pin To Net: NetName=TWI0_1 Pin=SDA MUX/DEMUX-13
Added Net: Name=TWI0_1
Added Pin To Net: NetName=TWI1_0 Pin=FB_TWIs-3
Added Pin To Net: NetName=TWI1_0 Pin=R5-2
Added Pin To Net: NetName=TWI1_0 Pin=SCL MUX/DEMUX-14
Added Net: Name=TWI1_0
Added Pin To Net: NetName=TWI1_1 Pin=FB_TWIs-4
Added Pin To Net: NetName=TWI1_1 Pin=R6-2
Added Pin To Net: NetName=TWI1_1 Pin=SDA MUX/DEMUX-14
Added Net: Name=TWI1_1
Added Pin To Net: NetName=TWI2_0 Pin=FB_TWIs-5
Added Pin To Net: NetName=TWI2_0 Pin=R2-2
Added Pin To Net: NetName=TWI2_0 Pin=SCL MUX/DEMUX-15
Added Net: Name=TWI2_0
Added Pin To Net: NetName=TWI2_1 Pin=FB_TWIs-6
Added Pin To Net: NetName=TWI2_1 Pin=R7-2
Added Pin To Net: NetName=TWI2_1 Pin=SDA MUX/DEMUX-15
Added Net: Name=TWI2_1
Added Pin To Net: NetName=TWI3_0 Pin=FB_TWIs-7
Added Pin To Net: NetName=TWI3_0 Pin=R8-2
Added Pin To Net: NetName=TWI3_0 Pin=SCL MUX/DEMUX-12
Added Net: Name=TWI3_0
Added Pin To Net: NetName=TWI3_1 Pin=FB_TWIs-8
Added Pin To Net: NetName=TWI3_1 Pin=R9-2
Added Pin To Net: NetName=TWI3_1 Pin=SDA MUX/DEMUX-12
Added Net: Name=TWI3_1
Added Pin To Net: NetName=TWI4_0 Pin=FB_TWIs-9
Added Pin To Net: NetName=TWI4_0 Pin=R10-2
Added Pin To Net: NetName=TWI4_0 Pin=SCL MUX/DEMUX-1
Added Net: Name=TWI4_0
Added Pin To Net: NetName=TWI4_1 Pin=FB_TWIs-10
Added Pin To Net: NetName=TWI4_1 Pin=R11-2
Added Pin To Net: NetName=TWI4_1 Pin=SDA MUX/DEMUX-1
Added Net: Name=TWI4_1
Added Pin To Net: NetName=TWI5_0 Pin=P9-1
Added Pin To Net: NetName=TWI5_0 Pin=R12-2
Added Pin To Net: NetName=TWI5_0 Pin=SCL MUX/DEMUX-5
Added Net: Name=TWI5_0
Added Pin To Net: NetName=TWI5_1 Pin=P9-2
Added Pin To Net: NetName=TWI5_1 Pin=R13-2
Added Pin To Net: NetName=TWI5_1 Pin=SDA MUX/DEMUX-5
Added Net: Name=TWI5_1
Added Pin To Net: NetName=USBDM Pin=Mini-USB-2
Added Pin To Net: NetName=USBDM Pin=R17-1
Added Net: Name=USBDM
Added Pin To Net: NetName=USBDP Pin=Mini-USB-3
Added Pin To Net: NetName=USBDP Pin=R16-1
Added Net: Name=USBDP
Added Pin To Net: NetName=VBUS Pin=C14-1
Added Pin To Net: NetName=VBUS Pin=C15-1
Added Pin To Net: NetName=VBUS Pin=Ferrite-2
Added Pin To Net: NetName=VBUS Pin=U1-52
Added Net: Name=VBUS
Added Pin To Net: NetName=VIN Pin=3.3V Power Source-3
Added Pin To Net: NetName=VIN Pin=3.3V Power Source-4
Added Pin To Net: NetName=VIN Pin=Battery-2
Added Pin To Net: NetName=VIN Pin=C2-2
Added Net: Name=VIN
Added Class: Name=3DMouseMainBoardAssembly
Added Class: Name=U_3
Added Class: Name=U_I2C_BUS_MUX
Added Class: Name=U_Main Board
Added Class: Name=BUS_SEL[2..0]
Added Class: Name=PA[31..0]
Added Class: Name=PB[11..0]
Added Room: Name=3DMouseMainBoardAssembly
Added Room: Name=U_3
Added Room: Name=U_I2C_BUS_MUX
Added Room: Name=U_Main Board
