Added Component: Designator=2.4G(HDR2X4)
Added Component: Designator=3.3V Power Source(SOIC127P600-8BN)
Added Component: Designator=Battery(HDR1X2)
Added Component: Designator=C1(TC7343-2917)
Added Component: Designator=C2(CAPC2012N)
Added Component: Designator=C3(CAPC2012N)
Added Component: Designator=C4(CAPC2012N)
Added Component: Designator=C5(CAPC2012N)
Added Component: Designator=C6(CAPC2012N)
Added Component: Designator=C7(CAPC2012N)
Added Component: Designator=C8(CAPC2012N)
Added Component: Designator=C9(CAPC2012N)
Added Component: Designator=C10(CAPC2012N)
Added Component: Designator=C11(CAPC2012N)
Added Component: Designator=C12(CAPC2012N)
Added Component: Designator=C13(CAPC2012N)
Added Component: Designator=C14(CAPC2012N)
Added Component: Designator=C15(CAPC2012N)
Added Component: Designator=D1(RESC3216N)
Added Component: Designator=FB_Power(HDR2X5)
Added Component: Designator=FB_TWIs(HDR2X5)
Added Component: Designator=Ferrite(C0805)
Added Component: Designator=JTAG(HDR2X3)
Added Component: Designator=Mini-USB(MINI USB)
Added Component: Designator=P1(HDR2X8)
Added Component: Designator=P2(HDR2X8)
Added Component: Designator=P3(HDR2X8)
Added Component: Designator=P4(HDR2X8)
Added Component: Designator=P5(HDR1X5)
Added Component: Designator=P6(HDR1X4)
Added Component: Designator=P7(HDR1X6)
Added Component: Designator=P8(HDR1X8)
Added Component: Designator=P_OnBoard Sensor(HDR1X2)
Added Component: Designator=R1(RESC2012N)
Added Component: Designator=R2(RESC2012N)
Added Component: Designator=R3(RESC2012N)
Added Component: Designator=R4(RESC2012N)
Added Component: Designator=R5(RESC2012N)
Added Component: Designator=R6(RESC2012N)
Added Component: Designator=R7(RESC2012N)
Added Component: Designator=R8(RESC2012N)
Added Component: Designator=R9(RESC2012N)
Added Component: Designator=R10(RESC2012N)
Added Component: Designator=R11(RESC2012N)
Added Component: Designator=R12(RESC2012N)
Added Component: Designator=R13(RESC2012N)
Added Component: Designator=R14(RESC2012N)
Added Component: Designator=R15(RESC2012N)
Added Component: Designator=R16(RESC2012N)
Added Component: Designator=R17(RESC2012N)
Added Component: Designator=R18(RESC2012N)
Added Component: Designator=R19(RESC2012N)
Added Component: Designator=R20(RESC2012N)
Added Component: Designator=R21(RESC2012N)
Added Component: Designator=R22(RESC2012N)
Added Component: Designator=RESET(HDR1X2)
Added Component: Designator=SCL MUX/DEMUX(SOIC127P600-16N)
Added Component: Designator=SDA MUX/DEMUX(SOIC127P600-16N)
Added Component: Designator=TWI_OnBoard Sensor(HDR1X2)
Added Component: Designator=U1(TQFP64_N)
Added Component: Designator=UART(HDR1X2)
Added Component: Designator=Y1(HC-49U - Through Hole)
Added Component: Designator=Y2(R38)
Added Pin To Net: NetName=GND Pin=2.4G-1
Added Pin To Net: NetName=3.3VCC Pin=2.4G-2
Added Pin To Net: NetName=PB6 Pin=2.4G-3
Added Pin To Net: NetName=PA16 Pin=2.4G-4
Added Pin To Net: NetName=PA15 Pin=2.4G-5
Added Pin To Net: NetName=PA14 Pin=2.4G-6
Added Pin To Net: NetName=PA28 Pin=2.4G-7
Added Pin To Net: NetName=IRQ Pin=2.4G-8
Added Pin To Net: NetName=GND Pin=3.3V Power Source-1
Added Pin To Net: NetName=GND Pin=3.3V Power Source-2
Added Pin To Net: NetName=VIN Pin=3.3V Power Source-3
Added Pin To Net: NetName=VIN Pin=3.3V Power Source-4
Added Pin To Net: NetName=3.3VCC Pin=3.3V Power Source-5
Added Pin To Net: NetName=3.3VCC Pin=3.3V Power Source-6
Added Pin To Net: NetName=3.3VCC Pin=3.3V Power Source-7
Added Pin To Net: NetName=RESET_N Pin=3.3V Power Source-8
Added Pin To Net: NetName=GND Pin=Battery-1
Added Pin To Net: NetName=VIN Pin=Battery-2
Added Pin To Net: NetName=3.3VCC Pin=C1-1
Added Pin To Net: NetName=GND Pin=C1-2
Added Pin To Net: NetName=GND Pin=C2-1
Added Pin To Net: NetName=VIN Pin=C2-2
Added Pin To Net: NetName=GND Pin=C3-1
Added Pin To Net: NetName=3.3VCC Pin=C3-2
Added Pin To Net: NetName=GND Pin=C4-1
Added Pin To Net: NetName=3.3VCC Pin=C4-2
Added Pin To Net: NetName=GND Pin=C5-1
Added Pin To Net: NetName=3.3VCC Pin=C5-2
Added Pin To Net: NetName=GND Pin=C6-1
Added Pin To Net: NetName=3.3VCC Pin=C6-2
Added Pin To Net: NetName=GND Pin=C7-1
Added Pin To Net: NetName=NetC7_2 Pin=C7-2
Added Pin To Net: NetName=GND Pin=C8-1
Added Pin To Net: NetName=NetC7_2 Pin=C8-2
Added Pin To Net: NetName=GND Pin=C9-1
Added Pin To Net: NetName=PA18 Pin=C9-2
Added Pin To Net: NetName=GND Pin=C10-1
Added Pin To Net: NetName=PA19 Pin=C10-2
Added Pin To Net: NetName=GND Pin=C11-1
Added Pin To Net: NetName=PA11 Pin=C11-2
Added Pin To Net: NetName=GND Pin=C12-1
Added Pin To Net: NetName=PA12 Pin=C12-2
Added Pin To Net: NetName=NetC13_1 Pin=C13-1
Added Pin To Net: NetName=GND Pin=C13-2
Added Pin To Net: NetName=VBUS Pin=C14-1
Added Pin To Net: NetName=GND Pin=C14-2
Added Pin To Net: NetName=VBUS Pin=C15-1
Added Pin To Net: NetName=GND Pin=C15-2
Added Pin To Net: NetName=NetD1_1 Pin=D1-1
Added Pin To Net: NetName=GND Pin=D1-2
Added Pin To Net: NetName=GND Pin=FB_Power-1
Added Pin To Net: NetName=3.3VCC Pin=FB_Power-2
Added Pin To Net: NetName=GND Pin=FB_Power-3
Added Pin To Net: NetName=3.3VCC Pin=FB_Power-4
Added Pin To Net: NetName=GND Pin=FB_Power-5
Added Pin To Net: NetName=3.3VCC Pin=FB_Power-6
Added Pin To Net: NetName=GND Pin=FB_Power-7
Added Pin To Net: NetName=3.3VCC Pin=FB_Power-8
Added Pin To Net: NetName=GND Pin=FB_Power-9
Added Pin To Net: NetName=3.3VCC Pin=FB_Power-10
Added Pin To Net: NetName=TWI0_0 Pin=FB_TWIs-1
Added Pin To Net: NetName=TWI0_1 Pin=FB_TWIs-2
Added Pin To Net: NetName=TWI1_0 Pin=FB_TWIs-3
Added Pin To Net: NetName=TWI1_1 Pin=FB_TWIs-4
Added Pin To Net: NetName=TWI2_0 Pin=FB_TWIs-5
Added Pin To Net: NetName=TWI2_1 Pin=FB_TWIs-6
Added Pin To Net: NetName=TWI3_0 Pin=FB_TWIs-7
Added Pin To Net: NetName=TWI3_1 Pin=FB_TWIs-8
Added Pin To Net: NetName=TWI4_0 Pin=FB_TWIs-9
Added Pin To Net: NetName=TWI4_1 Pin=FB_TWIs-10
Added Pin To Net: NetName=NetC13_1 Pin=Ferrite-1
Added Pin To Net: NetName=VBUS Pin=Ferrite-2
Added Pin To Net: NetName=JTAG_TCK Pin=JTAG-1
Added Pin To Net: NetName=GND Pin=JTAG-2
Added Pin To Net: NetName=PA1 Pin=JTAG-3
Added Pin To Net: NetName=3.3VCC Pin=JTAG-4
Added Pin To Net: NetName=PA2 Pin=JTAG-5
Added Pin To Net: NetName=PA0 Pin=JTAG-6
Added Pin To Net: NetName=NetC13_1 Pin=Mini-USB-1
Added Pin To Net: NetName=USBDM Pin=Mini-USB-2
Added Pin To Net: NetName=USBDP Pin=Mini-USB-3
Added Pin To Net: NetName=PA3 Pin=Mini-USB-4
Added Pin To Net: NetName=GND Pin=Mini-USB-5
Added Pin To Net: NetName=PA0 Pin=P1-3
Added Pin To Net: NetName=PA1 Pin=P1-4
Added Pin To Net: NetName=PA2 Pin=P1-5
Added Pin To Net: NetName=PB0 Pin=P1-6
Added Pin To Net: NetName=PB1 Pin=P1-7
Added Pin To Net: NetName=PA3 Pin=P1-9
Added Pin To Net: NetName=PA4 Pin=P1-10
Added Pin To Net: NetName=BUS_SEL0 Pin=P1-11
Added Pin To Net: NetName=BUS_SEL1 Pin=P1-12
Added Pin To Net: NetName=BUS_SEL2 Pin=P1-13
Added Pin To Net: NetName=PA8 Pin=P1-14
Added Pin To Net: NetName=PA30 Pin=P1-15
Added Pin To Net: NetName=PA31 Pin=P1-16
Added Pin To Net: NetName=PB2 Pin=P2-8
Added Pin To Net: NetName=PB3 Pin=P2-9
Added Pin To Net: NetName=PB4 Pin=P2-10
Added Pin To Net: NetName=PB5 Pin=P2-11
Added Pin To Net: NetName=PA9 Pin=P2-12
Added Pin To Net: NetName=PA10 Pin=P2-13
Added Pin To Net: NetName=PA11 Pin=P2-14
Added Pin To Net: NetName=PA12 Pin=P2-15
Added Pin To Net: NetName=PA13 Pin=P3-1
Added Pin To Net: NetName=PA14 Pin=P3-2
Added Pin To Net: NetName=PA15 Pin=P3-3
Added Pin To Net: NetName=PA16 Pin=P3-4
Added Pin To Net: NetName=PA17 Pin=P3-5
Added Pin To Net: NetName=PB6 Pin=P3-6
Added Pin To Net: NetName=PA18 Pin=P3-7
Added Pin To Net: NetName=PA19 Pin=P3-8
Added Pin To Net: NetName=PA28 Pin=P3-9
Added Pin To Net: NetName=PA29 Pin=P3-10
Added Pin To Net: NetName=PB7 Pin=P3-11
Added Pin To Net: NetName=PA20 Pin=P3-12
Added Pin To Net: NetName=PA21 Pin=P3-13
Added Pin To Net: NetName=PA22 Pin=P3-14
Added Pin To Net: NetName=PA23 Pin=P3-15
Added Pin To Net: NetName=PB8 Pin=P4-6
Added Pin To Net: NetName=PB9 Pin=P4-7
Added Pin To Net: NetName=PB10 Pin=P4-9
Added Pin To Net: NetName=PB11 Pin=P4-10
Added Pin To Net: NetName=PA24 Pin=P4-11
Added Pin To Net: NetName=PA25 Pin=P4-12
Added Pin To Net: NetName=PA26 Pin=P4-13
Added Pin To Net: NetName=PA27 Pin=P4-14
Added Pin To Net: NetName=PB0 Pin=P5-1
Added Pin To Net: NetName=PB1 Pin=P5-2
Added Pin To Net: NetName=PA8 Pin=P5-3
Added Pin To Net: NetName=PA30 Pin=P5-4
Added Pin To Net: NetName=PA31 Pin=P5-5
Added Pin To Net: NetName=PB2 Pin=P6-1
Added Pin To Net: NetName=PB3 Pin=P6-2
Added Pin To Net: NetName=PB4 Pin=P6-3
Added Pin To Net: NetName=PB5 Pin=P6-4
Added Pin To Net: NetName=PA13 Pin=P7-1
Added Pin To Net: NetName=PA17 Pin=P7-2
Added Pin To Net: NetName=PA29 Pin=P7-3
Added Pin To Net: NetName=PB7 Pin=P7-4
Added Pin To Net: NetName=PA22 Pin=P7-5
Added Pin To Net: NetName=PA23 Pin=P7-6
Added Pin To Net: NetName=PB8 Pin=P8-1
Added Pin To Net: NetName=PB9 Pin=P8-2
Added Pin To Net: NetName=PB10 Pin=P8-3
Added Pin To Net: NetName=PB11 Pin=P8-4
Added Pin To Net: NetName=PA24 Pin=P8-5
Added Pin To Net: NetName=PA25 Pin=P8-6
Added Pin To Net: NetName=PA26 Pin=P8-7
Added Pin To Net: NetName=PA27 Pin=P8-8
Added Pin To Net: NetName=3.3VCC Pin=P_OnBoard Sensor-1
Added Pin To Net: NetName=GND Pin=P_OnBoard Sensor-2
Added Pin To Net: NetName=3.3VCC Pin=R1-1
Added Pin To Net: NetName=NetD1_1 Pin=R1-2
Added Pin To Net: NetName=3.3VCC Pin=R2-1
Added Pin To Net: NetName=TWI2_0 Pin=R2-2
Added Pin To Net: NetName=3.3VCC Pin=R3-1
Added Pin To Net: NetName=TWI0_0 Pin=R3-2
Added Pin To Net: NetName=3.3VCC Pin=R4-1
Added Pin To Net: NetName=TWI0_1 Pin=R4-2
Added Pin To Net: NetName=3.3VCC Pin=R5-1
Added Pin To Net: NetName=TWI1_0 Pin=R5-2
Added Pin To Net: NetName=3.3VCC Pin=R6-1
Added Pin To Net: NetName=TWI1_1 Pin=R6-2
Added Pin To Net: NetName=3.3VCC Pin=R7-1
Added Pin To Net: NetName=TWI2_1 Pin=R7-2
Added Pin To Net: NetName=3.3VCC Pin=R8-1
Added Pin To Net: NetName=TWI3_0 Pin=R8-2
Added Pin To Net: NetName=3.3VCC Pin=R9-1
Added Pin To Net: NetName=TWI3_1 Pin=R9-2
Added Pin To Net: NetName=3.3VCC Pin=R10-1
Added Pin To Net: NetName=TWI4_0 Pin=R10-2
Added Pin To Net: NetName=3.3VCC Pin=R11-1
Added Pin To Net: NetName=TWI4_1 Pin=R11-2
Added Pin To Net: NetName=3.3VCC Pin=R12-1
Added Pin To Net: NetName=TWI5_0 Pin=R12-2
Added Pin To Net: NetName=3.3VCC Pin=R13-1
Added Pin To Net: NetName=TWI5_1 Pin=R13-2
Added Pin To Net: NetName=PA9 Pin=R14-1
Added Pin To Net: NetName=3.3VCC Pin=R14-2
Added Pin To Net: NetName=PA10 Pin=R15-1
Added Pin To Net: NetName=3.3VCC Pin=R15-2
Added Pin To Net: NetName=USBDP Pin=R16-1
Added Pin To Net: NetName=NetR16_2 Pin=R16-2
Added Pin To Net: NetName=USBDM Pin=R17-1
Added Pin To Net: NetName=NetR17_2 Pin=R17-2
Added Pin To Net: NetName=RESET_N Pin=R18-1
Added Pin To Net: NetName=3.3VCC Pin=R18-2
Added Pin To Net: NetName=3.3VCC Pin=R19-1
Added Pin To Net: NetName=PA0 Pin=R19-2
Added Pin To Net: NetName=3.3VCC Pin=R20-1
Added Pin To Net: NetName=PA2 Pin=R20-2
Added Pin To Net: NetName=3.3VCC Pin=R21-1
Added Pin To Net: NetName=PA1 Pin=R21-2
Added Pin To Net: NetName=3.3VCC Pin=R22-1
Added Pin To Net: NetName=JTAG_TCK Pin=R22-2
Added Pin To Net: NetName=RESET_N Pin=RESET-1
Added Pin To Net: NetName=GND Pin=RESET-2
Added Pin To Net: NetName=TWI4_0 Pin=SCL MUX/DEMUX-1
Added Pin To Net: NetName=GND Pin=SCL MUX/DEMUX-2
Added Pin To Net: NetName=PA9 Pin=SCL MUX/DEMUX-3
Added Pin To Net: NetName=GND Pin=SCL MUX/DEMUX-4
Added Pin To Net: NetName=TWI5_0 Pin=SCL MUX/DEMUX-5
Added Pin To Net: NetName=PA4 Pin=SCL MUX/DEMUX-6
Added Pin To Net: NetName=GND Pin=SCL MUX/DEMUX-7
Added Pin To Net: NetName=GND Pin=SCL MUX/DEMUX-8
Added Pin To Net: NetName=BUS_SEL2 Pin=SCL MUX/DEMUX-9
Added Pin To Net: NetName=BUS_SEL1 Pin=SCL MUX/DEMUX-10
Added Pin To Net: NetName=BUS_SEL0 Pin=SCL MUX/DEMUX-11
Added Pin To Net: NetName=TWI3_0 Pin=SCL MUX/DEMUX-12
Added Pin To Net: NetName=TWI0_0 Pin=SCL MUX/DEMUX-13
Added Pin To Net: NetName=TWI1_0 Pin=SCL MUX/DEMUX-14
Added Pin To Net: NetName=TWI2_0 Pin=SCL MUX/DEMUX-15
Added Pin To Net: NetName=3.3VCC Pin=SCL MUX/DEMUX-16
Added Pin To Net: NetName=TWI4_1 Pin=SDA MUX/DEMUX-1
Added Pin To Net: NetName=GND Pin=SDA MUX/DEMUX-2
Added Pin To Net: NetName=PA10 Pin=SDA MUX/DEMUX-3
Added Pin To Net: NetName=GND Pin=SDA MUX/DEMUX-4
Added Pin To Net: NetName=TWI5_1 Pin=SDA MUX/DEMUX-5
Added Pin To Net: NetName=PA4 Pin=SDA MUX/DEMUX-6
Added Pin To Net: NetName=GND Pin=SDA MUX/DEMUX-7
Added Pin To Net: NetName=GND Pin=SDA MUX/DEMUX-8
Added Pin To Net: NetName=BUS_SEL2 Pin=SDA MUX/DEMUX-9
Added Pin To Net: NetName=BUS_SEL1 Pin=SDA MUX/DEMUX-10
Added Pin To Net: NetName=BUS_SEL0 Pin=SDA MUX/DEMUX-11
Added Pin To Net: NetName=TWI3_1 Pin=SDA MUX/DEMUX-12
Added Pin To Net: NetName=TWI0_1 Pin=SDA MUX/DEMUX-13
Added Pin To Net: NetName=TWI1_1 Pin=SDA MUX/DEMUX-14
Added Pin To Net: NetName=TWI2_1 Pin=SDA MUX/DEMUX-15
Added Pin To Net: NetName=3.3VCC Pin=SDA MUX/DEMUX-16
Added Pin To Net: NetName=TWI5_0 Pin=TWI_OnBoard Sensor-1
Added Pin To Net: NetName=TWI5_1 Pin=TWI_OnBoard Sensor-2
Added Pin To Net: NetName=GND Pin=U1-1
Added Pin To Net: NetName=JTAG_TCK Pin=U1-2
Added Pin To Net: NetName=PA0 Pin=U1-3
Added Pin To Net: NetName=PA1 Pin=U1-4
Added Pin To Net: NetName=PA2 Pin=U1-5
Added Pin To Net: NetName=PB0 Pin=U1-6
Added Pin To Net: NetName=PB1 Pin=U1-7
Added Pin To Net: NetName=NetC7_2 Pin=U1-8
Added Pin To Net: NetName=PA3 Pin=U1-9
Added Pin To Net: NetName=PA4 Pin=U1-10
Added Pin To Net: NetName=BUS_SEL0 Pin=U1-11
Added Pin To Net: NetName=BUS_SEL1 Pin=U1-12
Added Pin To Net: NetName=BUS_SEL2 Pin=U1-13
Added Pin To Net: NetName=PA8 Pin=U1-14
Added Pin To Net: NetName=PA30 Pin=U1-15
Added Pin To Net: NetName=PA31 Pin=U1-16
Added Pin To Net: NetName=GND Pin=U1-17
Added Pin To Net: NetName=3.3VCC Pin=U1-18
Added Pin To Net: NetName=3.3VCC Pin=U1-19
Added Pin To Net: NetName=NetC7_2 Pin=U1-20
Added Pin To Net: NetName=3.3VCC Pin=U1-21
Added Pin To Net: NetName=NetC7_2 Pin=U1-22
Added Pin To Net: NetName=GND Pin=U1-23
Added Pin To Net: NetName=PB2 Pin=U1-24
Added Pin To Net: NetName=PB3 Pin=U1-25
Added Pin To Net: NetName=PB4 Pin=U1-26
Added Pin To Net: NetName=PB5 Pin=U1-27
Added Pin To Net: NetName=PA9 Pin=U1-28
Added Pin To Net: NetName=PA10 Pin=U1-29
Added Pin To Net: NetName=PA11 Pin=U1-30
Added Pin To Net: NetName=PA12 Pin=U1-31
Added Pin To Net: NetName=3.3VCC Pin=U1-32
Added Pin To Net: NetName=PA13 Pin=U1-33
Added Pin To Net: NetName=PA14 Pin=U1-34
Added Pin To Net: NetName=PA15 Pin=U1-35
Added Pin To Net: NetName=PA16 Pin=U1-36
Added Pin To Net: NetName=PA17 Pin=U1-37
Added Pin To Net: NetName=PB6 Pin=U1-38
Added Pin To Net: NetName=PA18 Pin=U1-39
Added Pin To Net: NetName=PA19 Pin=U1-40
Added Pin To Net: NetName=PA28 Pin=U1-41
Added Pin To Net: NetName=PA29 Pin=U1-42
Added Pin To Net: NetName=PB7 Pin=U1-43
Added Pin To Net: NetName=PA20 Pin=U1-44
Added Pin To Net: NetName=PA21 Pin=U1-45
Added Pin To Net: NetName=PA22 Pin=U1-46
Added Pin To Net: NetName=PA23 Pin=U1-47
Added Pin To Net: NetName=3.3VCC Pin=U1-48
Added Pin To Net: NetName=GND Pin=U1-49
Added Pin To Net: NetName=NetR16_2 Pin=U1-50
Added Pin To Net: NetName=NetR17_2 Pin=U1-51
Added Pin To Net: NetName=VBUS Pin=U1-52
Added Pin To Net: NetName=NetC7_2 Pin=U1-53
Added Pin To Net: NetName=PB8 Pin=U1-54
Added Pin To Net: NetName=PB9 Pin=U1-55
Added Pin To Net: NetName=NetC7_2 Pin=U1-56
Added Pin To Net: NetName=PB10 Pin=U1-57
Added Pin To Net: NetName=PB11 Pin=U1-58
Added Pin To Net: NetName=PA24 Pin=U1-59
Added Pin To Net: NetName=PA25 Pin=U1-60
Added Pin To Net: NetName=PA26 Pin=U1-61
Added Pin To Net: NetName=PA27 Pin=U1-62
Added Pin To Net: NetName=RESET_N Pin=U1-63
Added Pin To Net: NetName=3.3VCC Pin=U1-64
Added Pin To Net: NetName=PA21 Pin=UART-1
Added Pin To Net: NetName=PA20 Pin=UART-2
Added Pin To Net: NetName=PA19 Pin=Y1-1
Added Pin To Net: NetName=PA18 Pin=Y1-2
Added Pin To Net: NetName=PA12 Pin=Y2-1
Added Pin To Net: NetName=PA11 Pin=Y2-2
Added Member To Class: ClassName=U_Main Board Member=Component 2.4G Header 4X2
Added Member To Class: ClassName=U_3 Member=Component 3.3V Power Source TPS7333Q
Added Member To Class: ClassName=U_3 Member=Component Battery Header 2
Added Member To Class: ClassName=U_3 Member=Component C1 Cap Pol1
Added Member To Class: ClassName=U_3 Member=Component C2 Cap Semi
Added Member To Class: ClassName=U_I2C_BUS_MUX Member=Component C3 Cap Semi
Added Member To Class: ClassName=U_I2C_BUS_MUX Member=Component C4 Cap Semi
Added Member To Class: ClassName=U_Main Board Member=Component C5 Cap Semi
Added Member To Class: ClassName=U_Main Board Member=Component C6 Cap Semi
Added Member To Class: ClassName=U_Main Board Member=Component C7 Cap Semi
Added Member To Class: ClassName=U_Main Board Member=Component C8 Cap Semi
Added Member To Class: ClassName=U_Main Board Member=Component C9 Cap Semi
Added Member To Class: ClassName=U_Main Board Member=Component C10 Cap Semi
Added Member To Class: ClassName=U_Main Board Member=Component C11 Cap Semi
Added Member To Class: ClassName=U_Main Board Member=Component C12 Cap Semi
Added Member To Class: ClassName=U_Main Board Member=Component C13 Cap Semi
Added Member To Class: ClassName=U_Main Board Member=Component C14 Cap Semi
Added Member To Class: ClassName=U_Main Board Member=Component C15 Cap Semi
Added Member To Class: ClassName=U_3 Member=Component D1 LED2
Added Member To Class: ClassName=U_I2C_BUS_MUX Member=Component FB_Power Header 5X2
Added Member To Class: ClassName=U_I2C_BUS_MUX Member=Component FB_TWIs Header 5X2
Added Member To Class: ClassName=U_Main Board Member=Component Ferrite Ferrite Bead 1A
Added Member To Class: ClassName=U_Main Board Member=Component JTAG Header 3X2
Added Member To Class: ClassName=U_Main Board Member=Component Mini-USB Mini USB
Added Member To Class: ClassName=3DMouseMainBoardAssembly Member=Component P1 Header 1-16
Added Member To Class: ClassName=3DMouseMainBoardAssembly Member=Component P2 Header 17-32
Added Member To Class: ClassName=3DMouseMainBoardAssembly Member=Component P3 Header 33-48
Added Member To Class: ClassName=3DMouseMainBoardAssembly Member=Component P4 Header 49-64
Added Member To Class: ClassName=3DMouseMainBoardAssembly Member=Component P5 Header 5
Added Member To Class: ClassName=3DMouseMainBoardAssembly Member=Component P6 Header 4
Added Member To Class: ClassName=3DMouseMainBoardAssembly Member=Component P7 Header 8
Added Member To Class: ClassName=3DMouseMainBoardAssembly Member=Component P8 Header 7
Added Member To Class: ClassName=U_I2C_BUS_MUX Member=Component P_OnBoard Sensor
Added Member To Class: ClassName=U_3 Member=Component R1 Res3
Added Member To Class: ClassName=U_I2C_BUS_MUX Member=Component R2 Res3
Added Member To Class: ClassName=U_I2C_BUS_MUX Member=Component R3 Res3
Added Member To Class: ClassName=U_I2C_BUS_MUX Member=Component R4 Res3
Added Member To Class: ClassName=U_I2C_BUS_MUX Member=Component R5 Res3
Added Member To Class: ClassName=U_I2C_BUS_MUX Member=Component R6 Res3
Added Member To Class: ClassName=U_I2C_BUS_MUX Member=Component R7 Res3
Added Member To Class: ClassName=U_I2C_BUS_MUX Member=Component R8 Res3
Added Member To Class: ClassName=U_I2C_BUS_MUX Member=Component R9 Res3
Added Member To Class: ClassName=U_I2C_BUS_MUX Member=Component R10 Res3
Added Member To Class: ClassName=U_I2C_BUS_MUX Member=Component R11 Res3
Added Member To Class: ClassName=U_I2C_BUS_MUX Member=Component R12 Res3
Added Member To Class: ClassName=U_I2C_BUS_MUX Member=Component R13 Res3
Added Member To Class: ClassName=U_Main Board Member=Component R14 Res3
Added Member To Class: ClassName=U_Main Board Member=Component R15 Res3
Added Member To Class: ClassName=U_Main Board Member=Component R16 Res3
Added Member To Class: ClassName=U_Main Board Member=Component R17 Res3
Added Member To Class: ClassName=U_3 Member=Component R18 Res3
Added Member To Class: ClassName=U_Main Board Member=Component R19 Res3
Added Member To Class: ClassName=U_Main Board Member=Component R20 Res3
Added Member To Class: ClassName=U_Main Board Member=Component R21 Res3
Added Member To Class: ClassName=U_Main Board Member=Component R22 Res3
Added Member To Class: ClassName=U_Main Board Member=Component RESET Header 2
Added Member To Class: ClassName=U_I2C_BUS_MUX Member=Component SCL MUX/DEMUX 74LV4051
Added Member To Class: ClassName=U_I2C_BUS_MUX Member=Component SDA MUX/DEMUX 74LV4051
Added Member To Class: ClassName=U_I2C_BUS_MUX Member=Component TWI_OnBoard Sensor
Added Member To Class: ClassName=U_Main Board Member=Component U1 AT32UC3B0256-A2UT
Added Member To Class: ClassName=U_Main Board Member=Component UART Header 2
Added Member To Class: ClassName=U_Main Board Member=Component Y1 XTAL 16Mhz
Added Member To Class: ClassName=U_Main Board Member=Component Y2 XTAL 32.768khz
Added Room: Name=3DMouseMainBoardAssembly
Added Room: Name=U_3
Added Room: Name=U_I2C_BUS_MUX
Added Room: Name=U_Main Board
