Removed Pin From Net: NetName=3.3VCC Pin=2.4G-1
Removed Pin From Net: NetName=3.3VCC Pin=3.3V Power Source-1
Removed Pin From Net: NetName=3.3VCC Pin=3.3V Power Source-2
Removed Pin From Net: NetName=3.3VCC Pin=Accel-3
Removed Pin From Net: NetName=3.3VCC Pin=Accel-8
Removed Pin From Net: NetName=3.3VCC Pin=Battery-1
Removed Pin From Net: NetName=3.3VCC Pin=C1-2
Removed Pin From Net: NetName=3.3VCC Pin=C2-1
Removed Pin From Net: NetName=3.3VCC Pin=C3-1
Removed Pin From Net: NetName=3.3VCC Pin=C4-1
Removed Pin From Net: NetName=3.3VCC Pin=C5-1
Removed Pin From Net: NetName=3.3VCC Pin=C6-1
Removed Pin From Net: NetName=3.3VCC Pin=C7-1
Removed Pin From Net: NetName=3.3VCC Pin=C8-1
Removed Pin From Net: NetName=3.3VCC Pin=C9-1
Removed Pin From Net: NetName=3.3VCC Pin=C10-1
Removed Pin From Net: NetName=3.3VCC Pin=C11-1
Removed Pin From Net: NetName=3.3VCC Pin=C12-1
Removed Pin From Net: NetName=3.3VCC Pin=C13-2
Removed Pin From Net: NetName=3.3VCC Pin=C14-2
Removed Pin From Net: NetName=3.3VCC Pin=C15-2
Removed Pin From Net: NetName=3.3VCC Pin=C16-1
Removed Pin From Net: NetName=3.3VCC Pin=C18-2
Removed Pin From Net: NetName=3.3VCC Pin=C19-1
Removed Pin From Net: NetName=3.3VCC Pin=C20-1
Removed Pin From Net: NetName=3.3VCC Pin=C21-1
Removed Pin From Net: NetName=3.3VCC Pin=C22-1
Removed Pin From Net: NetName=3.3VCC Pin=D1-2
Removed Pin From Net: NetName=3.3VCC Pin=Gyro-9
Removed Pin From Net: NetName=3.3VCC Pin=Gyro-11
Removed Pin From Net: NetName=3.3VCC Pin=Gyro-18
Removed Pin From Net: NetName=3.3VCC Pin=J1-5
Removed Pin From Net: NetName=3.3VCC Pin=JTAG-2
Removed Pin From Net: NetName=3.3VCC Pin=Magnetometer-9
Removed Pin From Net: NetName=3.3VCC Pin=Magnetometer-11
Removed Pin From Net: NetName=PA0 Pin=P2-3
Removed Pin From Net: NetName=PA1 Pin=P2-4
Removed Pin From Net: NetName=PA2 Pin=P2-5
Removed Pin From Net: NetName=PB0 Pin=P2-6
Removed Pin From Net: NetName=PB1 Pin=P2-7
Removed Pin From Net: NetName=PA3 Pin=P2-9
Removed Pin From Net: NetName=PA4 Pin=P2-10
Removed Pin From Net: NetName=BUS_SEL0 Pin=P2-11
Removed Pin From Net: NetName=BUS_SEL1 Pin=P2-12
Removed Pin From Net: NetName=BUS_SEL2 Pin=P2-13
Removed Pin From Net: NetName=PA8 Pin=P2-14
Removed Pin From Net: NetName=PA30 Pin=P2-15
Removed Pin From Net: NetName=PA31 Pin=P2-16
Removed Pin From Net: NetName=PB2 Pin=P3-8
Removed Pin From Net: NetName=PB3 Pin=P3-9
Removed Pin From Net: NetName=PB4 Pin=P3-10
Removed Pin From Net: NetName=PB5 Pin=P3-11
Removed Pin From Net: NetName=PA9 Pin=P3-12
Removed Pin From Net: NetName=PA10 Pin=P3-13
Removed Pin From Net: NetName=PA11 Pin=P3-14
Removed Pin From Net: NetName=PA12 Pin=P3-15
Removed Pin From Net: NetName=PA13 Pin=P4-1
Removed Pin From Net: NetName=PA14 Pin=P4-2
Removed Pin From Net: NetName=PA15 Pin=P4-3
Removed Pin From Net: NetName=PA16 Pin=P4-4
Removed Pin From Net: NetName=PA17 Pin=P4-5
Removed Pin From Net: NetName=PB6 Pin=P4-6
Removed Pin From Net: NetName=PA18 Pin=P4-7
Removed Pin From Net: NetName=PA19 Pin=P4-8
Removed Pin From Net: NetName=PA28 Pin=P4-9
Removed Pin From Net: NetName=PA29 Pin=P4-10
Removed Pin From Net: NetName=PB7 Pin=P4-11
Removed Pin From Net: NetName=PA20 Pin=P4-12
Removed Pin From Net: NetName=PA21 Pin=P4-13
Removed Pin From Net: NetName=PA22 Pin=P4-14
Removed Pin From Net: NetName=PA23 Pin=P4-15
Removed Pin From Net: NetName=PB8 Pin=P5-6
Removed Pin From Net: NetName=PB9 Pin=P5-7
Removed Pin From Net: NetName=PB10 Pin=P5-9
Removed Pin From Net: NetName=PB11 Pin=P5-10
Removed Pin From Net: NetName=PA24 Pin=P5-11
Removed Pin From Net: NetName=PA25 Pin=P5-12
Removed Pin From Net: NetName=PA26 Pin=P5-13
Removed Pin From Net: NetName=PA27 Pin=P5-14
Removed Pin From Net: NetName=3.3VCC Pin=Power_Finger-1
Removed Pin From Net: NetName=3.3VCC Pin=RESET-2
Removed Pin From Net: NetName=3.3VCC Pin=SCL MUX/DEMUX-2
Removed Pin From Net: NetName=3.3VCC Pin=SCL MUX/DEMUX-4
Removed Pin From Net: NetName=3.3VCC Pin=SCL MUX/DEMUX-7
Removed Pin From Net: NetName=3.3VCC Pin=SCL MUX/DEMUX-8
Removed Pin From Net: NetName=3.3VCC Pin=SDA MUX/DEMUX-2
Removed Pin From Net: NetName=3.3VCC Pin=SDA MUX/DEMUX-4
Removed Pin From Net: NetName=3.3VCC Pin=SDA MUX/DEMUX-7
Removed Pin From Net: NetName=3.3VCC Pin=SDA MUX/DEMUX-8
Removed Pin From Net: NetName=3.3VCC Pin=U1-1
Removed Pin From Net: NetName=3.3VCC Pin=U1-17
Removed Pin From Net: NetName=3.3VCC Pin=U1-23
Removed Pin From Net: NetName=3.3VCC Pin=U1-49
Removed Member From Class: ClassName=3DMouseMainBoardAssembly Member=P5
Change Component DesignItemId : Designator=P2 Old DesignItemId=Header 16 New DesignItemId=Header 8X2
Change Component DesignItemId : Designator=P3 Old DesignItemId=Header 16 New DesignItemId=Header 8X2
Change Component DesignItemId : Designator=P4 Old DesignItemId=Header 16 New DesignItemId=Header 8X2
Change Component Footprint: Designator=P2 Old Footprint=HDR1X16 New Footprint=HDR2X8
Change Component Footprint: Designator=P3 Old Footprint=HDR1X16 New Footprint=HDR2X8
Change Component Footprint: Designator=P4 Old Footprint=HDR1X16 New Footprint=HDR2X8
Change Component Comment : Designator=P2 Old Comment=Header 1-16 New Comment=Header 17-32
Change Component Comment : Designator=P3 Old Comment=Header 17-32 New Comment=Header 33-48
Change Component Comment : Designator=P4 Old Comment=Header 33-48 New Comment=Header 49-64
Added Component: Designator=P1(HDR2X8)
Added Pin To Net: NetName=PA0 Pin=P1-3
Added Pin To Net: NetName=PA1 Pin=P1-4
Added Pin To Net: NetName=PA2 Pin=P1-5
Added Pin To Net: NetName=PB0 Pin=P1-6
Added Pin To Net: NetName=PB1 Pin=P1-7
Added Pin To Net: NetName=PA3 Pin=P1-9
Added Pin To Net: NetName=PA4 Pin=P1-10
Added Pin To Net: NetName=BUS_SEL0 Pin=P1-11
Added Pin To Net: NetName=BUS_SEL1 Pin=P1-12
Added Pin To Net: NetName=BUS_SEL2 Pin=P1-13
Added Pin To Net: NetName=PA8 Pin=P1-14
Added Pin To Net: NetName=PA30 Pin=P1-15
Added Pin To Net: NetName=PA31 Pin=P1-16
Added Pin To Net: NetName=PB2 Pin=P2-8
Added Pin To Net: NetName=PB3 Pin=P2-9
Added Pin To Net: NetName=PB4 Pin=P2-10
Added Pin To Net: NetName=PB5 Pin=P2-11
Added Pin To Net: NetName=PA9 Pin=P2-12
Added Pin To Net: NetName=PA10 Pin=P2-13
Added Pin To Net: NetName=PA11 Pin=P2-14
Added Pin To Net: NetName=PA12 Pin=P2-15
Added Pin To Net: NetName=PA13 Pin=P3-1
Added Pin To Net: NetName=PA14 Pin=P3-2
Added Pin To Net: NetName=PA15 Pin=P3-3
Added Pin To Net: NetName=PA16 Pin=P3-4
Added Pin To Net: NetName=PA17 Pin=P3-5
Added Pin To Net: NetName=PB6 Pin=P3-6
Added Pin To Net: NetName=PA18 Pin=P3-7
Added Pin To Net: NetName=PA19 Pin=P3-8
Added Pin To Net: NetName=PA28 Pin=P3-9
Added Pin To Net: NetName=PA29 Pin=P3-10
Added Pin To Net: NetName=PB7 Pin=P3-11
Added Pin To Net: NetName=PA20 Pin=P3-12
Added Pin To Net: NetName=PA21 Pin=P3-13
Added Pin To Net: NetName=PA22 Pin=P3-14
Added Pin To Net: NetName=PA23 Pin=P3-15
Added Pin To Net: NetName=PB8 Pin=P4-6
Added Pin To Net: NetName=PB9 Pin=P4-7
Added Pin To Net: NetName=PB10 Pin=P4-9
Added Pin To Net: NetName=PB11 Pin=P4-10
Added Pin To Net: NetName=PA24 Pin=P4-11
Added Pin To Net: NetName=PA25 Pin=P4-12
Added Pin To Net: NetName=PA26 Pin=P4-13
Added Pin To Net: NetName=PA27 Pin=P4-14
Added Pin To Net: NetName=GND Pin=2.4G-1
Added Pin To Net: NetName=GND Pin=3.3V Power Source-1
Added Pin To Net: NetName=GND Pin=3.3V Power Source-2
Added Pin To Net: NetName=GND Pin=Accel-3
Added Pin To Net: NetName=GND Pin=Accel-8
Added Pin To Net: NetName=GND Pin=Battery-1
Added Pin To Net: NetName=GND Pin=C1-2
Added Pin To Net: NetName=GND Pin=C2-1
Added Pin To Net: NetName=GND Pin=C3-1
Added Pin To Net: NetName=GND Pin=C4-1
Added Pin To Net: NetName=GND Pin=C5-1
Added Pin To Net: NetName=GND Pin=C6-1
Added Pin To Net: NetName=GND Pin=C7-1
Added Pin To Net: NetName=GND Pin=C8-1
Added Pin To Net: NetName=GND Pin=C9-1
Added Pin To Net: NetName=GND Pin=C10-1
Added Pin To Net: NetName=GND Pin=C11-1
Added Pin To Net: NetName=GND Pin=C12-1
Added Pin To Net: NetName=GND Pin=C13-2
Added Pin To Net: NetName=GND Pin=C14-2
Added Pin To Net: NetName=GND Pin=C15-2
Added Pin To Net: NetName=GND Pin=C16-1
Added Pin To Net: NetName=GND Pin=C18-2
Added Pin To Net: NetName=GND Pin=C19-1
Added Pin To Net: NetName=GND Pin=C20-1
Added Pin To Net: NetName=GND Pin=C21-1
Added Pin To Net: NetName=GND Pin=C22-1
Added Pin To Net: NetName=GND Pin=D1-2
Added Pin To Net: NetName=GND Pin=Gyro-9
Added Pin To Net: NetName=GND Pin=Gyro-11
Added Pin To Net: NetName=GND Pin=Gyro-18
Added Pin To Net: NetName=GND Pin=J1-5
Added Pin To Net: NetName=GND Pin=JTAG-2
Added Pin To Net: NetName=GND Pin=Magnetometer-9
Added Pin To Net: NetName=GND Pin=Magnetometer-11
Added Pin To Net: NetName=GND Pin=Power_Finger-1
Added Pin To Net: NetName=GND Pin=RESET-2
Added Pin To Net: NetName=GND Pin=SCL MUX/DEMUX-2
Added Pin To Net: NetName=GND Pin=SCL MUX/DEMUX-4
Added Pin To Net: NetName=GND Pin=SCL MUX/DEMUX-7
Added Pin To Net: NetName=GND Pin=SCL MUX/DEMUX-8
Added Pin To Net: NetName=GND Pin=SDA MUX/DEMUX-2
Added Pin To Net: NetName=GND Pin=SDA MUX/DEMUX-4
Added Pin To Net: NetName=GND Pin=SDA MUX/DEMUX-7
Added Pin To Net: NetName=GND Pin=SDA MUX/DEMUX-8
Added Pin To Net: NetName=GND Pin=U1-1
Added Pin To Net: NetName=GND Pin=U1-17
Added Pin To Net: NetName=GND Pin=U1-23
Added Pin To Net: NetName=GND Pin=U1-49
Added Net: Name=GND
Added Member To Class: ClassName=3DMouseMainBoardAssembly Member=Component P1 Header 1-16
