Added Component: Designator=3.3V Power Source(SOIC127P600-8BL)
Added Component: Designator=Accel(LGA12)
Added Component: Designator=C1(TC7343-2917)
Added Component: Designator=C2(C0805)
Added Component: Designator=C3(CAPC2012L)
Added Component: Designator=C4(CAPC2012L)
Added Component: Designator=C5(CAPC2012L)
Added Component: Designator=C6(CAPC2012L)
Added Component: Designator=C7(CAPC2012L)
Added Component: Designator=C8(CAPC2012L)
Added Component: Designator=C9(CAPC2012L)
Added Component: Designator=C10(CAPC2012L)
Added Component: Designator=C11(CAPC2012L)
Added Component: Designator=C12(CAPC2012L)
Added Component: Designator=C13(CAPC2012L)
Added Component: Designator=C14(CAPC2012L)
Added Component: Designator=C15(CAPC2012L)
Added Component: Designator=C16(CAPC2012L)
Added Component: Designator=C17(CAPC2012L)
Added Component: Designator=C18(RB7.6-15)
Added Component: Designator=C19(CAPC2012L)
Added Component: Designator=C20(CAPC2012L)
Added Component: Designator=C21(CAPC2012L)
Added Component: Designator=C22(CAPC2012L)
Added Component: Designator=D1(3.2X1.6X1.1)
Added Component: Designator=Ferrite2(6-0805_M)
Added Component: Designator=Gyro(QFN50P400X400-24V8M)
Added Component: Designator=J1(481900001)
Added Component: Designator=Magnetometer(HMC5883L)
Added Component: Designator=P1(HDR1X2)
Added Component: Designator=P2(HDR1X16)
Added Component: Designator=P3(HDR1X16)
Added Component: Designator=P4(HDR1X16)
Added Component: Designator=P5(HDR1X16)
Added Component: Designator=P6(HDR1X2)
Added Component: Designator=P7(HDR1X2)
Added Component: Designator=P8(HDR1X2)
Added Component: Designator=P9(HDR1X2)
Added Component: Designator=P10(HDR1X2)
Added Component: Designator=P11(HDR1X2)
Added Component: Designator=P12(HDR2X4)
Added Component: Designator=P13(HDR1X4)
Added Component: Designator=P14(HDR1X2)
Added Component: Designator=P15(HDR1X2)
Added Component: Designator=R1(C0805)
Added Component: Designator=R2(C0805)
Added Component: Designator=R3(C0805)
Added Component: Designator=R4(C0805)
Added Component: Designator=R5(C0805)
Added Component: Designator=R6(C0805)
Added Component: Designator=R7(C0805)
Added Component: Designator=R8(C0805)
Added Component: Designator=R9(C0805)
Added Component: Designator=R10(C0805)
Added Component: Designator=R11(C0805)
Added Component: Designator=R12(C0805)
Added Component: Designator=R13(C0805)
Added Component: Designator=R14(C0805)
Added Component: Designator=R15(C0805)
Added Component: Designator=R16(C0805)
Added Component: Designator=R17(C0805)
Added Component: Designator=R18(C0805)
Added Component: Designator=S1(SPST-2)
Added Component: Designator=SCL MUX/DEMUX(SOIC16_M)
Added Component: Designator=SDA MUX/DEMUX(SOIC16_M)
Added Component: Designator=U1(TQFP64_N)
Added Component: Designator=Y1(R38)
Added Component: Designator=Y2(R38)
Added Pin To Net: NetName=3.3VCC Pin=3.3V Power Source-1
Added Pin To Net: NetName=3.3VCC Pin=3.3V Power Source-2
Added Pin To Net: NetName=VIN Pin=3.3V Power Source-3
Added Pin To Net: NetName=VIN Pin=3.3V Power Source-4
Added Pin To Net: NetName=3.3VCC Pin=3.3V Power Source-5
Added Pin To Net: NetName=3.3VCC Pin=3.3V Power Source-6
Added Pin To Net: NetName=3.3VCC Pin=3.3V Power Source-7
Added Pin To Net: NetName=Net3.3V Power Source_8 Pin=3.3V Power Source-8
Added Pin To Net: NetName=3.3VCC Pin=Accel-2
Added Pin To Net: NetName=3.3VCC Pin=Accel-3
Added Pin To Net: NetName=INT5_1 Pin=Accel-4
Added Pin To Net: NetName=3.3VCC Pin=Accel-5
Added Pin To Net: NetName=TWI0 Pin=Accel-7
Added Pin To Net: NetName=3.3VCC Pin=Accel-8
Added Pin To Net: NetName=TWI1 Pin=Accel-9
Added Pin To Net: NetName=3.3VCC Pin=Accel-10
Added Pin To Net: NetName=3.3VCC Pin=C1-1
Added Pin To Net: NetName=3.3VCC Pin=C1-2
Added Pin To Net: NetName=3.3VCC Pin=C2-1
Added Pin To Net: NetName=VIN Pin=C2-2
Added Pin To Net: NetName=3.3VCC Pin=C3-1
Added Pin To Net: NetName=3.3VCC Pin=C3-2
Added Pin To Net: NetName=3.3VCC Pin=C4-1
Added Pin To Net: NetName=3.3VCC Pin=C4-2
Added Pin To Net: NetName=3.3VCC Pin=C5-1
Added Pin To Net: NetName=3.3VCC Pin=C5-2
Added Pin To Net: NetName=3.3VCC Pin=C6-1
Added Pin To Net: NetName=3.3VCC Pin=C6-2
Added Pin To Net: NetName=3.3VCC Pin=C7-1
Added Pin To Net: NetName=NetC7_2 Pin=C7-2
Added Pin To Net: NetName=3.3VCC Pin=C8-1
Added Pin To Net: NetName=NetC7_2 Pin=C8-2
Added Pin To Net: NetName=3.3VCC Pin=C9-1
Added Pin To Net: NetName=PA18 Pin=C9-2
Added Pin To Net: NetName=3.3VCC Pin=C10-1
Added Pin To Net: NetName=PA19 Pin=C10-2
Added Pin To Net: NetName=3.3VCC Pin=C11-1
Added Pin To Net: NetName=PA11 Pin=C11-2
Added Pin To Net: NetName=3.3VCC Pin=C12-1
Added Pin To Net: NetName=PA12 Pin=C12-2
Added Pin To Net: NetName=NetC13_1 Pin=C13-1
Added Pin To Net: NetName=3.3VCC Pin=C13-2
Added Pin To Net: NetName=VBUS Pin=C14-1
Added Pin To Net: NetName=3.3VCC Pin=C14-2
Added Pin To Net: NetName=VBUS Pin=C15-1
Added Pin To Net: NetName=3.3VCC Pin=C15-2
Added Pin To Net: NetName=3.3VCC Pin=C16-1
Added Pin To Net: NetName=3.3VCC Pin=C16-2
Added Pin To Net: NetName=NetC17_1 Pin=C17-1
Added Pin To Net: NetName=NetC17_2 Pin=C17-2
Added Pin To Net: NetName=NetC18_1 Pin=C18-1
Added Pin To Net: NetName=3.3VCC Pin=C18-2
Added Pin To Net: NetName=3.3VCC Pin=C19-1
Added Pin To Net: NetName=3.3VCC Pin=C19-2
Added Pin To Net: NetName=3.3VCC Pin=C20-1
Added Pin To Net: NetName=3.3VCC Pin=C20-2
Added Pin To Net: NetName=3.3VCC Pin=C21-1
Added Pin To Net: NetName=NetC21_2 Pin=C21-2
Added Pin To Net: NetName=3.3VCC Pin=C22-1
Added Pin To Net: NetName=NetC22_2 Pin=C22-2
Added Pin To Net: NetName=NetD1_1 Pin=D1-1
Added Pin To Net: NetName=3.3VCC Pin=D1-2
Added Pin To Net: NetName=VBUS Pin=Ferrite2-1
Added Pin To Net: NetName=AUX_TWI1 Pin=Gyro-6
Added Pin To Net: NetName=AUX_TWI0 Pin=Gyro-7
Added Pin To Net: NetName=3.3VCC Pin=Gyro-8
Added Pin To Net: NetName=3.3VCC Pin=Gyro-9
Added Pin To Net: NetName=NetC21_2 Pin=Gyro-10
Added Pin To Net: NetName=3.3VCC Pin=Gyro-11
Added Pin To Net: NetName=INT5_0 Pin=Gyro-12
Added Pin To Net: NetName=3.3VCC Pin=Gyro-13
Added Pin To Net: NetName=3.3VCC Pin=Gyro-18
Added Pin To Net: NetName=NetC22_2 Pin=Gyro-20
Added Pin To Net: NetName=TWI0 Pin=Gyro-23
Added Pin To Net: NetName=TWI1 Pin=Gyro-24
Added Pin To Net: NetName=NetC13_1 Pin=J1-1
Added Pin To Net: NetName=USBDM Pin=J1-2
Added Pin To Net: NetName=USBDP Pin=J1-3
Added Pin To Net: NetName=PA3 Pin=J1-4
Added Pin To Net: NetName=3.3VCC Pin=J1-5
Added Pin To Net: NetName=TWI0 Pin=Magnetometer-1
Added Pin To Net: NetName=3.3VCC Pin=Magnetometer-2
Added Pin To Net: NetName=3.3VCC Pin=Magnetometer-4
Added Pin To Net: NetName=NetC17_1 Pin=Magnetometer-8
Added Pin To Net: NetName=3.3VCC Pin=Magnetometer-9
Added Pin To Net: NetName=NetC18_1 Pin=Magnetometer-10
Added Pin To Net: NetName=3.3VCC Pin=Magnetometer-11
Added Pin To Net: NetName=NetC17_2 Pin=Magnetometer-12
Added Pin To Net: NetName=3.3VCC Pin=Magnetometer-13
Added Pin To Net: NetName=INT5_2 Pin=Magnetometer-15
Added Pin To Net: NetName=TWI1 Pin=Magnetometer-16
Added Pin To Net: NetName=3.3VCC Pin=P1-1
Added Pin To Net: NetName=VIN Pin=P1-2
Added Pin To Net: NetName=PA0 Pin=P2-3
Added Pin To Net: NetName=PA1 Pin=P2-4
Added Pin To Net: NetName=PA2 Pin=P2-5
Added Pin To Net: NetName=PB0 Pin=P2-6
Added Pin To Net: NetName=PB1 Pin=P2-7
Added Pin To Net: NetName=PA3 Pin=P2-9
Added Pin To Net: NetName=PA4 Pin=P2-10
Added Pin To Net: NetName=BUS_SEL0 Pin=P2-11
Added Pin To Net: NetName=BUS_SEL1 Pin=P2-12
Added Pin To Net: NetName=BUS_SEL2 Pin=P2-13
Added Pin To Net: NetName=PA8 Pin=P2-14
Added Pin To Net: NetName=PA30 Pin=P2-15
Added Pin To Net: NetName=PA31 Pin=P2-16
Added Pin To Net: NetName=PB2 Pin=P3-8
Added Pin To Net: NetName=PB3 Pin=P3-9
Added Pin To Net: NetName=PB4 Pin=P3-10
Added Pin To Net: NetName=PB5 Pin=P3-11
Added Pin To Net: NetName=PA9 Pin=P3-12
Added Pin To Net: NetName=PA10 Pin=P3-13
Added Pin To Net: NetName=PA11 Pin=P3-14
Added Pin To Net: NetName=PA12 Pin=P3-15
Added Pin To Net: NetName=PA13 Pin=P4-1
Added Pin To Net: NetName=PA14 Pin=P4-2
Added Pin To Net: NetName=PA15 Pin=P4-3
Added Pin To Net: NetName=PA16 Pin=P4-4
Added Pin To Net: NetName=PA17 Pin=P4-5
Added Pin To Net: NetName=PB6 Pin=P4-6
Added Pin To Net: NetName=PA18 Pin=P4-7
Added Pin To Net: NetName=PA19 Pin=P4-8
Added Pin To Net: NetName=PA28 Pin=P4-9
Added Pin To Net: NetName=PA29 Pin=P4-10
Added Pin To Net: NetName=PB7 Pin=P4-11
Added Pin To Net: NetName=PA20 Pin=P4-12
Added Pin To Net: NetName=PA21 Pin=P4-13
Added Pin To Net: NetName=PA22 Pin=P4-14
Added Pin To Net: NetName=PA23 Pin=P4-15
Added Pin To Net: NetName=PB8 Pin=P5-6
Added Pin To Net: NetName=PB9 Pin=P5-7
Added Pin To Net: NetName=PB10 Pin=P5-9
Added Pin To Net: NetName=PB11 Pin=P5-10
Added Pin To Net: NetName=PA24 Pin=P5-11
Added Pin To Net: NetName=PA25 Pin=P5-12
Added Pin To Net: NetName=PA26 Pin=P5-13
Added Pin To Net: NetName=PA27 Pin=P5-14
Added Pin To Net: NetName=3.3VCC Pin=P6-1
Added Pin To Net: NetName=3.3VCC Pin=P6-2
Added Pin To Net: NetName=TWI0_0 Pin=P7-1
Added Pin To Net: NetName=TWI0_1 Pin=P7-2
Added Pin To Net: NetName=TWI1_0 Pin=P8-1
Added Pin To Net: NetName=TWI1_1 Pin=P8-2
Added Pin To Net: NetName=TWI2_0 Pin=P9-1
Added Pin To Net: NetName=TWI2_1 Pin=P9-2
Added Pin To Net: NetName=TWI3_0 Pin=P10-1
Added Pin To Net: NetName=TWI3_1 Pin=P10-2
Added Pin To Net: NetName=TWI4_0 Pin=P11-1
Added Pin To Net: NetName=TWI4_1 Pin=P11-2
Added Pin To Net: NetName=3.3VCC Pin=P12-1
Added Pin To Net: NetName=3.3VCC Pin=P12-2
Added Pin To Net: NetName=CE Pin=P12-3
Added Pin To Net: NetName=PA16 Pin=P12-4
Added Pin To Net: NetName=PA15 Pin=P12-5
Added Pin To Net: NetName=PA14 Pin=P12-6
Added Pin To Net: NetName=PA25 Pin=P12-7
Added Pin To Net: NetName=IRQ Pin=P12-8
Added Pin To Net: NetName=JTAG_TCK Pin=P13-1
Added Pin To Net: NetName=PA0 Pin=P13-2
Added Pin To Net: NetName=PA1 Pin=P13-3
Added Pin To Net: NetName=PA2 Pin=P13-4
Added Pin To Net: NetName=3.3VCC Pin=R1-1
Added Pin To Net: NetName=NetD1_1 Pin=R1-2
Added Pin To Net: NetName=TWI2_0 Pin=R2-2
Added Pin To Net: NetName=3.3VCC Pin=R3-1
Added Pin To Net: NetName=TWI0_0 Pin=R3-2
Added Pin To Net: NetName=3.3VCC Pin=R4-1
Added Pin To Net: NetName=TWI0_1 Pin=R4-2
Added Pin To Net: NetName=3.3VCC Pin=R5-1
Added Pin To Net: NetName=TWI1_0 Pin=R5-2
Added Pin To Net: NetName=3.3VCC Pin=R6-1
Added Pin To Net: NetName=TWI1_1 Pin=R6-2
Added Pin To Net: NetName=3.3VCC Pin=R7-1
Added Pin To Net: NetName=TWI2_1 Pin=R7-2
Added Pin To Net: NetName=3.3VCC Pin=R8-1
Added Pin To Net: NetName=TWI3_0 Pin=R8-2
Added Pin To Net: NetName=3.3VCC Pin=R9-1
Added Pin To Net: NetName=TWI3_1 Pin=R9-2
Added Pin To Net: NetName=3.3VCC Pin=R10-1
Added Pin To Net: NetName=TWI4_0 Pin=R10-2
Added Pin To Net: NetName=3.3VCC Pin=R11-1
Added Pin To Net: NetName=TWI4_1 Pin=R11-2
Added Pin To Net: NetName=3.3VCC Pin=R12-1
Added Pin To Net: NetName=TWI0 Pin=R12-2
Added Pin To Net: NetName=3.3VCC Pin=R13-1
Added Pin To Net: NetName=TWI1 Pin=R13-2
Added Pin To Net: NetName=PA9 Pin=R14-1
Added Pin To Net: NetName=3.3VCC Pin=R14-2
Added Pin To Net: NetName=PA10 Pin=R15-1
Added Pin To Net: NetName=3.3VCC Pin=R15-2
Added Pin To Net: NetName=USBDP Pin=R16-1
Added Pin To Net: NetName=NetR16_2 Pin=R16-2
Added Pin To Net: NetName=USBDM Pin=R17-1
Added Pin To Net: NetName=NetR17_2 Pin=R17-2
Added Pin To Net: NetName=3.3VCC Pin=R18-1
Added Pin To Net: NetName=Net3.3V Power Source_8 Pin=R18-2
Added Pin To Net: NetName=3.3VCC Pin=S1-1
Added Pin To Net: NetName=Net3.3V Power Source_8 Pin=S1-2
Added Pin To Net: NetName=TWI4_0 Pin=SCL MUX/DEMUX-1
Added Pin To Net: NetName=3.3VCC Pin=SCL MUX/DEMUX-2
Added Pin To Net: NetName=PA9 Pin=SCL MUX/DEMUX-3
Added Pin To Net: NetName=3.3VCC Pin=SCL MUX/DEMUX-4
Added Pin To Net: NetName=TWI0 Pin=SCL MUX/DEMUX-5
Added Pin To Net: NetName=PA4 Pin=SCL MUX/DEMUX-6
Added Pin To Net: NetName=3.3VCC Pin=SCL MUX/DEMUX-7
Added Pin To Net: NetName=3.3VCC Pin=SCL MUX/DEMUX-8
Added Pin To Net: NetName=BUS_SEL2 Pin=SCL MUX/DEMUX-9
Added Pin To Net: NetName=BUS_SEL1 Pin=SCL MUX/DEMUX-10
Added Pin To Net: NetName=BUS_SEL0 Pin=SCL MUX/DEMUX-11
Added Pin To Net: NetName=TWI3_0 Pin=SCL MUX/DEMUX-12
Added Pin To Net: NetName=TWI0_0 Pin=SCL MUX/DEMUX-13
Added Pin To Net: NetName=TWI1_0 Pin=SCL MUX/DEMUX-14
Added Pin To Net: NetName=TWI2_0 Pin=SCL MUX/DEMUX-15
Added Pin To Net: NetName=3.3VCC Pin=SCL MUX/DEMUX-16
Added Pin To Net: NetName=TWI4_1 Pin=SDA MUX/DEMUX-1
Added Pin To Net: NetName=3.3VCC Pin=SDA MUX/DEMUX-2
Added Pin To Net: NetName=PA10 Pin=SDA MUX/DEMUX-3
Added Pin To Net: NetName=3.3VCC Pin=SDA MUX/DEMUX-4
Added Pin To Net: NetName=TWI1 Pin=SDA MUX/DEMUX-5
Added Pin To Net: NetName=PA4 Pin=SDA MUX/DEMUX-6
Added Pin To Net: NetName=3.3VCC Pin=SDA MUX/DEMUX-7
Added Pin To Net: NetName=3.3VCC Pin=SDA MUX/DEMUX-8
Added Pin To Net: NetName=BUS_SEL2 Pin=SDA MUX/DEMUX-9
Added Pin To Net: NetName=BUS_SEL1 Pin=SDA MUX/DEMUX-10
Added Pin To Net: NetName=BUS_SEL0 Pin=SDA MUX/DEMUX-11
Added Pin To Net: NetName=TWI3_1 Pin=SDA MUX/DEMUX-12
Added Pin To Net: NetName=TWI0_1 Pin=SDA MUX/DEMUX-13
Added Pin To Net: NetName=TWI1_1 Pin=SDA MUX/DEMUX-14
Added Pin To Net: NetName=TWI2_1 Pin=SDA MUX/DEMUX-15
Added Pin To Net: NetName=3.3VCC Pin=SDA MUX/DEMUX-16
Added Pin To Net: NetName=3.3VCC Pin=U1-1
Added Pin To Net: NetName=JTAG_TCK Pin=U1-2
Added Pin To Net: NetName=PA0 Pin=U1-3
Added Pin To Net: NetName=PA1 Pin=U1-4
Added Pin To Net: NetName=PA2 Pin=U1-5
Added Pin To Net: NetName=PB0 Pin=U1-6
Added Pin To Net: NetName=PB1 Pin=U1-7
Added Pin To Net: NetName=NetC7_2 Pin=U1-8
Added Pin To Net: NetName=PA3 Pin=U1-9
Added Pin To Net: NetName=PA4 Pin=U1-10
Added Pin To Net: NetName=BUS_SEL0 Pin=U1-11
Added Pin To Net: NetName=BUS_SEL1 Pin=U1-12
Added Pin To Net: NetName=BUS_SEL2 Pin=U1-13
Added Pin To Net: NetName=PA8 Pin=U1-14
Added Pin To Net: NetName=PA30 Pin=U1-15
Added Pin To Net: NetName=PA31 Pin=U1-16
Added Pin To Net: NetName=3.3VCC Pin=U1-17
Added Pin To Net: NetName=3.3VCC Pin=U1-18
Added Pin To Net: NetName=3.3VCC Pin=U1-19
Added Pin To Net: NetName=NetC7_2 Pin=U1-20
Added Pin To Net: NetName=3.3VCC Pin=U1-21
Added Pin To Net: NetName=NetC7_2 Pin=U1-22
Added Pin To Net: NetName=3.3VCC Pin=U1-23
Added Pin To Net: NetName=PB2 Pin=U1-24
Added Pin To Net: NetName=PB3 Pin=U1-25
Added Pin To Net: NetName=PB4 Pin=U1-26
Added Pin To Net: NetName=PB5 Pin=U1-27
Added Pin To Net: NetName=PA9 Pin=U1-28
Added Pin To Net: NetName=PA10 Pin=U1-29
Added Pin To Net: NetName=PA11 Pin=U1-30
Added Pin To Net: NetName=PA12 Pin=U1-31
Added Pin To Net: NetName=3.3VCC Pin=U1-32
Added Pin To Net: NetName=PA13 Pin=U1-33
Added Pin To Net: NetName=PA14 Pin=U1-34
Added Pin To Net: NetName=PA15 Pin=U1-35
Added Pin To Net: NetName=PA16 Pin=U1-36
Added Pin To Net: NetName=PA17 Pin=U1-37
Added Pin To Net: NetName=PB6 Pin=U1-38
Added Pin To Net: NetName=PA18 Pin=U1-39
Added Pin To Net: NetName=PA19 Pin=U1-40
Added Pin To Net: NetName=PA28 Pin=U1-41
Added Pin To Net: NetName=PA29 Pin=U1-42
Added Pin To Net: NetName=PB7 Pin=U1-43
Added Pin To Net: NetName=PA20 Pin=U1-44
Added Pin To Net: NetName=PA21 Pin=U1-45
Added Pin To Net: NetName=PA22 Pin=U1-46
Added Pin To Net: NetName=PA23 Pin=U1-47
Added Pin To Net: NetName=3.3VCC Pin=U1-48
Added Pin To Net: NetName=3.3VCC Pin=U1-49
Added Pin To Net: NetName=NetR16_2 Pin=U1-50
Added Pin To Net: NetName=NetR17_2 Pin=U1-51
Added Pin To Net: NetName=VBUS Pin=U1-52
Added Pin To Net: NetName=NetC7_2 Pin=U1-53
Added Pin To Net: NetName=PB8 Pin=U1-54
Added Pin To Net: NetName=PB9 Pin=U1-55
Added Pin To Net: NetName=NetC7_2 Pin=U1-56
Added Pin To Net: NetName=PB10 Pin=U1-57
Added Pin To Net: NetName=PB11 Pin=U1-58
Added Pin To Net: NetName=PA24 Pin=U1-59
Added Pin To Net: NetName=PA25 Pin=U1-60
Added Pin To Net: NetName=PA26 Pin=U1-61
Added Pin To Net: NetName=PA27 Pin=U1-62
Added Pin To Net: NetName=Net3.3V Power Source_8 Pin=U1-63
Added Pin To Net: NetName=3.3VCC Pin=U1-64
Added Pin To Net: NetName=PA19 Pin=Y1-1
Added Pin To Net: NetName=PA18 Pin=Y1-2
Added Pin To Net: NetName=PA12 Pin=Y2-1
Added Pin To Net: NetName=PA11 Pin=Y2-2
Added Member To Class: ClassName=U_3 Member=Component 3.3V Power Source TPS7333Q
Added Member To Class: ClassName=U_BMA180 Member=Component Accel BMA180
Added Member To Class: ClassName=U_3 Member=Component C1 Cap Pol1
Added Member To Class: ClassName=U_3 Member=Component C2 Cap Semi
Added Member To Class: ClassName=U_I2C_BUS_MUX Member=Component C3 Cap Semi
Added Member To Class: ClassName=U_I2C_BUS_MUX Member=Component C4 Cap Semi
Added Member To Class: ClassName=U_Main Board Member=Component C5 Cap Semi
Added Member To Class: ClassName=U_Main Board Member=Component C6 Cap Semi
Added Member To Class: ClassName=U_Main Board Member=Component C7 Cap Semi
Added Member To Class: ClassName=U_Main Board Member=Component C8 Cap Semi
Added Member To Class: ClassName=U_Main Board Member=Component C9 Cap Semi
Added Member To Class: ClassName=U_Main Board Member=Component C10 Cap Semi
Added Member To Class: ClassName=U_Main Board Member=Component C11 Cap Semi
Added Member To Class: ClassName=U_Main Board Member=Component C12 Cap Semi
Added Member To Class: ClassName=U_Main Board Member=Component C13 Cap Semi
Added Member To Class: ClassName=U_Main Board Member=Component C14 Cap Semi
Added Member To Class: ClassName=U_Main Board Member=Component C15 Cap Semi
Added Member To Class: ClassName=U_BMA180 Member=Component C16 Cap Semi
Added Member To Class: ClassName=U_HMC5883L Member=Component C17 Cap Semi
Added Member To Class: ClassName=U_HMC5883L Member=Component C18 Cap Pol1
Added Member To Class: ClassName=U_IMU3000 Member=Component C19 Cap Semi
Added Member To Class: ClassName=U_IMU3000 Member=Component C20 Cap Semi
Added Member To Class: ClassName=U_IMU3000 Member=Component C21 Cap Semi
Added Member To Class: ClassName=U_IMU3000 Member=Component C22 Cap Semi
Added Member To Class: ClassName=U_3 Member=Component D1 LED2
Added Member To Class: ClassName=U_Main Board Member=Component Ferrite2 Ferrite Bead 1A
Added Member To Class: ClassName=U_IMU3000 Member=Component Gyro IMU3000
Added Member To Class: ClassName=U_Main Board Member=Component J1 Mini USB
Added Member To Class: ClassName=U_HMC5883L Member=Component Magnetometer HMC5883L
Added Member To Class: ClassName=U_3 Member=Component P1 Header 2
Added Member To Class: ClassName=3DMouseMainBoardAssembly Member=Component P2 Header 1-16
Added Member To Class: ClassName=3DMouseMainBoardAssembly Member=Component P3 Header 17-32
Added Member To Class: ClassName=3DMouseMainBoardAssembly Member=Component P4 Header 33-48
Added Member To Class: ClassName=3DMouseMainBoardAssembly Member=Component P5 Header 49-64
Added Member To Class: ClassName=3DMouseMainBoardAssembly Member=Component P6 Header 2
Added Member To Class: ClassName=U_I2C_BUS_MUX Member=Component P7 TWI Fingerboard0
Added Member To Class: ClassName=U_I2C_BUS_MUX Member=Component P8 TWI Fingerboard1
Added Member To Class: ClassName=U_I2C_BUS_MUX Member=Component P9 TWI Fingerboard2
Added Member To Class: ClassName=U_I2C_BUS_MUX Member=Component P10 TWI Fingerboard3
Added Member To Class: ClassName=U_I2C_BUS_MUX Member=Component P11 TWI Fingerboard4
Added Member To Class: ClassName=U_Main Board Member=Component P12 Header 4X2
Added Member To Class: ClassName=U_Main Board Member=Component P13 Header 4
Added Member To Class: ClassName=U_Main Board Member=Component P14 Header 2
Added Member To Class: ClassName=U_Main Board Member=Component P15 Header 2
Added Member To Class: ClassName=U_3 Member=Component R1 Res3
Added Member To Class: ClassName=U_I2C_BUS_MUX Member=Component R2 Res3
Added Member To Class: ClassName=U_I2C_BUS_MUX Member=Component R3 Res3
Added Member To Class: ClassName=U_I2C_BUS_MUX Member=Component R4 Res3
Added Member To Class: ClassName=U_I2C_BUS_MUX Member=Component R5 Res3
Added Member To Class: ClassName=U_I2C_BUS_MUX Member=Component R6 Res3
Added Member To Class: ClassName=U_I2C_BUS_MUX Member=Component R7 Res3
Added Member To Class: ClassName=U_I2C_BUS_MUX Member=Component R8 Res3
Added Member To Class: ClassName=U_I2C_BUS_MUX Member=Component R9 Res3
Added Member To Class: ClassName=U_I2C_BUS_MUX Member=Component R10 Res3
Added Member To Class: ClassName=U_I2C_BUS_MUX Member=Component R11 Res3
Added Member To Class: ClassName=U_I2C_BUS_MUX Member=Component R12 Res3
Added Member To Class: ClassName=U_I2C_BUS_MUX Member=Component R13 Res3
Added Member To Class: ClassName=U_Main Board Member=Component R14 Res3
Added Member To Class: ClassName=U_Main Board Member=Component R15 Res3
Added Member To Class: ClassName=U_Main Board Member=Component R16 Res3
Added Member To Class: ClassName=U_Main Board Member=Component R17 Res3
Added Member To Class: ClassName=U_Main Board Member=Component R18 Res3
Added Member To Class: ClassName=U_Main Board Member=Component S1 SW-PB
Added Member To Class: ClassName=U_I2C_BUS_MUX Member=Component SCL MUX/DEMUX 74LV4051
Added Member To Class: ClassName=U_I2C_BUS_MUX Member=Component SDA MUX/DEMUX 74LV4051
Added Member To Class: ClassName=U_Main Board Member=Component U1 AT32UC3B0256-A2UT
Added Member To Class: ClassName=U_Main Board Member=Component Y1 XTAL 16Mhz
Added Member To Class: ClassName=U_Main Board Member=Component Y2 XTAL 32.768khz
Added Room: Name=3DMouseMainBoardAssembly
Added Room: Name=U_3
Added Room: Name=U_BMA180
Added Room: Name=U_HMC5883L
Added Room: Name=U_I2C_BUS_MUX
Added Room: Name=U_IMU3000
Added Room: Name=U_Main Board
