Change Component Designator: OldDesignator=P1 NewDesignator=Battery
Change Component Designator: OldDesignator=P7 NewDesignator=F0
Change Component Designator: OldDesignator=P8 NewDesignator=F1
Change Component Designator: OldDesignator=P9 NewDesignator=F2
Change Component Designator: OldDesignator=P10 NewDesignator=F3
Change Component Designator: OldDesignator=P11 NewDesignator=F4
Change Component Designator: OldDesignator=P12 NewDesignator=2.4G
Change Component Designator: OldDesignator=P13 NewDesignator=JTAG
Change Component Designator: OldDesignator=P14 NewDesignator=Mech1
Change Component Designator: OldDesignator=P15 NewDesignator=Mech2
Added Component: Designator=P2(HDR1X16)
Added Component: Designator=P3(HDR1X16)
Added Component: Designator=P5(HDR1X16)
Added Pin To Net: NetName=PA0 Pin=P2-3
Added Pin To Net: NetName=PA1 Pin=P2-4
Added Pin To Net: NetName=PA2 Pin=P2-5
Added Pin To Net: NetName=PB0 Pin=P2-6
Added Pin To Net: NetName=PB1 Pin=P2-7
Added Pin To Net: NetName=PA3 Pin=P2-9
Added Pin To Net: NetName=PA4 Pin=P2-10
Added Pin To Net: NetName=BUS_SEL0 Pin=P2-11
Added Pin To Net: NetName=BUS_SEL1 Pin=P2-12
Added Pin To Net: NetName=BUS_SEL2 Pin=P2-13
Added Pin To Net: NetName=PA8 Pin=P2-14
Added Pin To Net: NetName=PA30 Pin=P2-15
Added Pin To Net: NetName=PA31 Pin=P2-16
Added Pin To Net: NetName=PB2 Pin=P3-8
Added Pin To Net: NetName=PB3 Pin=P3-9
Added Pin To Net: NetName=PB4 Pin=P3-10
Added Pin To Net: NetName=PB5 Pin=P3-11
Added Pin To Net: NetName=PA9 Pin=P3-12
Added Pin To Net: NetName=PA10 Pin=P3-13
Added Pin To Net: NetName=PA11 Pin=P3-14
Added Pin To Net: NetName=PA12 Pin=P3-15
Added Pin To Net: NetName=PB8 Pin=P5-6
Added Pin To Net: NetName=PB9 Pin=P5-7
Added Pin To Net: NetName=PB10 Pin=P5-9
Added Pin To Net: NetName=PB11 Pin=P5-10
Added Pin To Net: NetName=PA24 Pin=P5-11
Added Pin To Net: NetName=PA25 Pin=P5-12
Added Pin To Net: NetName=PA26 Pin=P5-13
Added Pin To Net: NetName=PA27 Pin=P5-14
Added Member To Class: ClassName=3DMouseMainBoardAssembly Member=Component P2 Header 1-16
Added Member To Class: ClassName=3DMouseMainBoardAssembly Member=Component P3 Header 17-32
Added Member To Class: ClassName=3DMouseMainBoardAssembly Member=Component P5 Header 49-64
